{"C:\\vang\\project\\2025\\vcut\\packages\\audio-editor\\src\\main.tsx": {"path":"C:\\vang\\project\\2025\\vcut\\packages\\audio-editor\\src\\main.tsx","statementMap":{"0":{"start":{"line":1,"column":0},"end":{"line":1,"column":26}},"1":{"start":{"line":2,"column":0},"end":{"line":2,"column":40}},"2":{"start":{"line":3,"column":0},"end":{"line":3,"column":54}},"3":{"start":{"line":4,"column":0},"end":{"line":4,"column":22}},"4":{"start":{"line":6,"column":0},"end":{"line":10,"column":2}}},"fnMap":{},"branchMap":{},"s":{"0":0,"1":0,"2":0,"3":0,"4":0},"f":{},"b":{}}
,"C:\\vang\\project\\2025\\vcut\\packages\\audio-editor\\src\\components\\AudioFileUploader.tsx": {"path":"C:\\vang\\project\\2025\\vcut\\packages\\audio-editor\\src\\components\\AudioFileUploader.tsx","statementMap":{"0":{"start":{"line":1,"column":0},"end":{"line":1,"column":48}},"1":{"start":{"line":2,"column":0},"end":{"line":2,"column":63}},"2":{"start":{"line":4,"column":36},"end":{"line":121,"column":1}},"3":{"start":{"line":5,"column":28},"end":{"line":5,"column":44}},"4":{"start":{"line":6,"column":23},"end":{"line":6,"column":53}},"5":{"start":{"line":7,"column":32},"end":{"line":7,"column":47}},"6":{"start":{"line":8,"column":28},"end":{"line":8,"column":57}},"7":{"start":{"line":10,"column":27},"end":{"line":62,"column":3}},"8":{"start":{"line":11,"column":18},"end":{"line":11,"column":32}},"9":{"start":{"line":12,"column":4},"end":{"line":12,"column":45}},"10":{"start":{"line":12,"column":38},"end":{"line":12,"column":45}},"11":{"start":{"line":14,"column":17},"end":{"line":14,"column":25}},"12":{"start":{"line":16,"column":4},"end":{"line":19,"column":5}},"13":{"start":{"line":17,"column":6},"end":{"line":17,"column":39}},"14":{"start":{"line":18,"column":6},"end":{"line":18,"column":13}},"15":{"start":{"line":21,"column":4},"end":{"line":21,"column":21}},"16":{"start":{"line":22,"column":4},"end":{"line":22,"column":19}},"17":{"start":{"line":24,"column":4},"end":{"line":61,"column":5}},"18":{"start":{"line":26,"column":21},"end":{"line":26,"column":37}},"19":{"start":{"line":28,"column":6},"end":{"line":49,"column":8}},"20":{"start":{"line":29,"column":8},"end":{"line":48,"column":9}},"21":{"start":{"line":30,"column":30},"end":{"line":30,"column":64}},"22":{"start":{"line":31,"column":23},"end":{"line":31,"column":67}},"23":{"start":{"line":32,"column":22},"end":{"line":32,"column":47}},"24":{"start":{"line":34,"column":10},"end":{"line":47,"column":11}},"25":{"start":{"line":36,"column":12},"end":{"line":36,"column":48}},"26":{"start":{"line":37,"column":12},"end":{"line":37,"column":30}},"27":{"start":{"line":40,"column":12},"end":{"line":42,"column":13}},"28":{"start":{"line":41,"column":14},"end":{"line":41,"column":46}},"29":{"start":{"line":44,"column":12},"end":{"line":44,"column":50}},"30":{"start":{"line":45,"column":12},"end":{"line":45,"column":51}},"31":{"start":{"line":46,"column":12},"end":{"line":46,"column":30}},"32":{"start":{"line":51,"column":6},"end":{"line":54,"column":8}},"33":{"start":{"line":52,"column":8},"end":{"line":52,"column":41}},"34":{"start":{"line":53,"column":8},"end":{"line":53,"column":26}},"35":{"start":{"line":56,"column":6},"end":{"line":56,"column":37}},"36":{"start":{"line":58,"column":6},"end":{"line":58,"column":42}},"37":{"start":{"line":59,"column":6},"end":{"line":59,"column":38}},"38":{"start":{"line":60,"column":6},"end":{"line":60,"column":24}},"39":{"start":{"line":64,"column":28},"end":{"line":68,"column":3}},"40":{"start":{"line":65,"column":4},"end":{"line":67,"column":5}},"41":{"start":{"line":66,"column":6},"end":{"line":66,"column":35}},"42":{"start":{"line":70,"column":2},"end":{"line":120,"column":4}},"43":{"start":{"line":123,"column":0},"end":{"line":123,"column":33}}},"fnMap":{"0":{"name":"(anonymous_0)","decl":{"start":{"line":4,"column":36},"end":{"line":4,"column":39}},"loc":{"start":{"line":4,"column":41},"end":{"line":121,"column":1}}},"1":{"name":"(anonymous_1)","decl":{"start":{"line":10,"column":27},"end":{"line":10,"column":32}},"loc":{"start":{"line":10,"column":76},"end":{"line":62,"column":3}}},"2":{"name":"(anonymous_2)","decl":{"start":{"line":28,"column":22},"end":{"line":28,"column":27}},"loc":{"start":{"line":28,"column":38},"end":{"line":49,"column":7}}},"3":{"name":"(anonymous_3)","decl":{"start":{"line":51,"column":23},"end":{"line":51,"column":26}},"loc":{"start":{"line":51,"column":28},"end":{"line":54,"column":7}}},"4":{"name":"(anonymous_4)","decl":{"start":{"line":64,"column":28},"end":{"line":64,"column":31}},"loc":{"start":{"line":64,"column":33},"end":{"line":68,"column":3}}}},"branchMap":{"0":{"loc":{"start":{"line":12,"column":4},"end":{"line":12,"column":45}},"type":"if","locations":[{"start":{"line":12,"column":4},"end":{"line":12,"column":45}}]},"1":{"loc":{"start":{"line":12,"column":8},"end":{"line":12,"column":36}},"type":"binary-expr","locations":[{"start":{"line":12,"column":8},"end":{"line":12,"column":14}},{"start":{"line":12,"column":18},"end":{"line":12,"column":36}}]},"2":{"loc":{"start":{"line":16,"column":4},"end":{"line":19,"column":5}},"type":"if","locations":[{"start":{"line":16,"column":4},"end":{"line":19,"column":5}}]},"3":{"loc":{"start":{"line":29,"column":8},"end":{"line":48,"column":9}},"type":"if","locations":[{"start":{"line":29,"column":8},"end":{"line":48,"column":9}}]},"4":{"loc":{"start":{"line":29,"column":12},"end":{"line":29,"column":47}},"type":"binary-expr","locations":[{"start":{"line":29,"column":12},"end":{"line":29,"column":24}},{"start":{"line":29,"column":28},"end":{"line":29,"column":47}}]},"5":{"loc":{"start":{"line":40,"column":12},"end":{"line":42,"column":13}},"type":"if","locations":[{"start":{"line":40,"column":12},"end":{"line":42,"column":13}}]},"6":{"loc":{"start":{"line":65,"column":4},"end":{"line":67,"column":5}},"type":"if","locations":[{"start":{"line":65,"column":4},"end":{"line":67,"column":5}}]},"7":{"loc":{"start":{"line":91,"column":27},"end":{"line":91,"column":58}},"type":"cond-expr","locations":[{"start":{"line":91,"column":37},"end":{"line":91,"column":46}},{"start":{"line":91,"column":49},"end":{"line":91,"column":58}}]},"8":{"loc":{"start":{"line":95,"column":18},"end":{"line":95,"column":53}},"type":"cond-expr","locations":[{"start":{"line":95,"column":28},"end":{"line":95,"column":41}},{"start":{"line":95,"column":44},"end":{"line":95,"column":53}}]},"9":{"loc":{"start":{"line":101,"column":9},"end":{"line":101,"column":42}},"type":"cond-expr","locations":[{"start":{"line":101,"column":19},"end":{"line":101,"column":28}},{"start":{"line":101,"column":31},"end":{"line":101,"column":42}}]},"10":{"loc":{"start":{"line":108,"column":7},"end":{"line":117,"column":null}},"type":"binary-expr","locations":[{"start":{"line":108,"column":7},"end":{"line":108,"column":12}},{"start":{"line":109,"column":8},"end":{"line":116,"column":null}}]}},"s":{"0":0,"1":0,"2":0,"3":0,"4":0,"5":0,"6":0,"7":0,"8":0,"9":0,"10":0,"11":0,"12":0,"13":0,"14":0,"15":0,"16":0,"17":0,"18":0,"19":0,"20":0,"21":0,"22":0,"23":0,"24":0,"25":0,"26":0,"27":0,"28":0,"29":0,"30":0,"31":0,"32":0,"33":0,"34":0,"35":0,"36":0,"37":0,"38":0,"39":0,"40":0,"41":0,"42":0,"43":0},"f":{"0":0,"1":0,"2":0,"3":0,"4":0},"b":{"0":[0],"1":[0,0],"2":[0],"3":[0],"4":[0,0],"5":[0],"6":[0],"7":[0,0],"8":[0,0],"9":[0,0],"10":[0,0]}}
,"C:\\vang\\project\\2025\\vcut\\packages\\audio-editor\\src\\components\\AudioTrack.tsx": {"path":"C:\\vang\\project\\2025\\vcut\\packages\\audio-editor\\src\\components\\AudioTrack.tsx","statementMap":{"0":{"start":{"line":1,"column":0},"end":{"line":1,"column":49}},"1":{"start":{"line":3,"column":0},"end":{"line":3,"column":63}},"2":{"start":{"line":9,"column":46},"end":{"line":169,"column":1}},"3":{"start":{"line":10,"column":20},"end":{"line":10,"column":51}},"4":{"start":{"line":17,"column":6},"end":{"line":17,"column":22}},"5":{"start":{"line":20,"column":2},"end":{"line":68,"column":14}},"6":{"start":{"line":21,"column":4},"end":{"line":21,"column":58}},"7":{"start":{"line":21,"column":51},"end":{"line":21,"column":58}},"8":{"start":{"line":23,"column":19},"end":{"line":23,"column":36}},"9":{"start":{"line":24,"column":16},"end":{"line":24,"column":39}},"10":{"start":{"line":25,"column":4},"end":{"line":25,"column":21}},"11":{"start":{"line":25,"column":14},"end":{"line":25,"column":21}},"12":{"start":{"line":28,"column":4},"end":{"line":28,"column":53}},"13":{"start":{"line":31,"column":25},"end":{"line":31,"column":43}},"14":{"start":{"line":32,"column":23},"end":{"line":32,"column":42}},"15":{"start":{"line":33,"column":21},"end":{"line":33,"column":46}},"16":{"start":{"line":34,"column":25},"end":{"line":34,"column":38}},"17":{"start":{"line":36,"column":4},"end":{"line":36,"column":61}},"18":{"start":{"line":37,"column":4},"end":{"line":37,"column":63}},"19":{"start":{"line":38,"column":4},"end":{"line":38,"column":22}},"20":{"start":{"line":40,"column":4},"end":{"line":47,"column":5}},"21":{"start":{"line":40,"column":17},"end":{"line":40,"column":18}},"22":{"start":{"line":41,"column":16},"end":{"line":41,"column":28}},"23":{"start":{"line":42,"column":21},"end":{"line":42,"column":51}},"24":{"start":{"line":43,"column":16},"end":{"line":43,"column":43}},"25":{"start":{"line":45,"column":6},"end":{"line":45,"column":43}},"26":{"start":{"line":46,"column":6},"end":{"line":46,"column":45}},"27":{"start":{"line":50,"column":4},"end":{"line":67,"column":5}},"28":{"start":{"line":51,"column":6},"end":{"line":66,"column":9}},"29":{"start":{"line":52,"column":31},"end":{"line":52,"column":76}},"30":{"start":{"line":55,"column":8},"end":{"line":55,"column":24}},"31":{"start":{"line":56,"column":8},"end":{"line":56,"column":38}},"32":{"start":{"line":57,"column":8},"end":{"line":57,"column":50}},"33":{"start":{"line":58,"column":8},"end":{"line":58,"column":39}},"34":{"start":{"line":59,"column":8},"end":{"line":59,"column":26}},"35":{"start":{"line":60,"column":8},"end":{"line":60,"column":21}},"36":{"start":{"line":63,"column":8},"end":{"line":63,"column":37}},"37":{"start":{"line":64,"column":8},"end":{"line":64,"column":32}},"38":{"start":{"line":65,"column":8},"end":{"line":65,"column":58}},"39":{"start":{"line":71,"column":29},"end":{"line":74,"column":3}},"40":{"start":{"line":72,"column":19},"end":{"line":72,"column":45}},"41":{"start":{"line":73,"column":4},"end":{"line":73,"column":37}},"42":{"start":{"line":77,"column":27},"end":{"line":79,"column":3}},"43":{"start":{"line":78,"column":4},"end":{"line":78,"column":31}},"44":{"start":{"line":81,"column":2},"end":{"line":168,"column":4}},"45":{"start":{"line":98,"column":30},"end":{"line":98,"column":50}},"46":{"start":{"line":98,"column":51},"end":{"line":98,"column":77}},"47":{"start":{"line":110,"column":30},"end":{"line":110,"column":50}},"48":{"start":{"line":110,"column":51},"end":{"line":110,"column":77}},"49":{"start":{"line":122,"column":30},"end":{"line":122,"column":50}},"50":{"start":{"line":122,"column":51},"end":{"line":122,"column":73}},"51":{"start":{"line":154,"column":26},"end":{"line":154,"column":45}},"52":{"start":{"line":171,"column":0},"end":{"line":171,"column":26}}},"fnMap":{"0":{"name":"(anonymous_0)","decl":{"start":{"line":9,"column":46},"end":{"line":9,"column":47}},"loc":{"start":{"line":9,"column":60},"end":{"line":169,"column":1}}},"1":{"name":"(anonymous_1)","decl":{"start":{"line":20,"column":12},"end":{"line":20,"column":15}},"loc":{"start":{"line":20,"column":17},"end":{"line":68,"column":3}}},"2":{"name":"(anonymous_2)","decl":{"start":{"line":51,"column":28},"end":{"line":51,"column":34}},"loc":{"start":{"line":51,"column":37},"end":{"line":66,"column":7}}},"3":{"name":"(anonymous_3)","decl":{"start":{"line":71,"column":29},"end":{"line":71,"column":30}},"loc":{"start":{"line":71,"column":72},"end":{"line":74,"column":3}}},"4":{"name":"(anonymous_4)","decl":{"start":{"line":77,"column":27},"end":{"line":77,"column":30}},"loc":{"start":{"line":77,"column":32},"end":{"line":79,"column":3}}},"5":{"name":"(anonymous_5)","decl":{"start":{"line":98,"column":21},"end":{"line":98,"column":22}},"loc":{"start":{"line":98,"column":27},"end":{"line":98,"column":79}}},"6":{"name":"(anonymous_6)","decl":{"start":{"line":110,"column":21},"end":{"line":110,"column":22}},"loc":{"start":{"line":110,"column":27},"end":{"line":110,"column":79}}},"7":{"name":"(anonymous_7)","decl":{"start":{"line":122,"column":21},"end":{"line":122,"column":22}},"loc":{"start":{"line":122,"column":27},"end":{"line":122,"column":75}}},"8":{"name":"(anonymous_8)","decl":{"start":{"line":154,"column":19},"end":{"line":154,"column":20}},"loc":{"start":{"line":154,"column":26},"end":{"line":154,"column":45}}}},"branchMap":{"0":{"loc":{"start":{"line":21,"column":4},"end":{"line":21,"column":58}},"type":"if","locations":[{"start":{"line":21,"column":4},"end":{"line":21,"column":58}}]},"1":{"loc":{"start":{"line":21,"column":8},"end":{"line":21,"column":49}},"type":"binary-expr","locations":[{"start":{"line":21,"column":8},"end":{"line":21,"column":26}},{"start":{"line":21,"column":30},"end":{"line":21,"column":49}}]},"2":{"loc":{"start":{"line":25,"column":4},"end":{"line":25,"column":21}},"type":"if","locations":[{"start":{"line":25,"column":4},"end":{"line":25,"column":21}}]},"3":{"loc":{"start":{"line":36,"column":20},"end":{"line":36,"column":60}},"type":"cond-expr","locations":[{"start":{"line":36,"column":39},"end":{"line":36,"column":48}},{"start":{"line":36,"column":51},"end":{"line":36,"column":60}}]},"4":{"loc":{"start":{"line":37,"column":22},"end":{"line":37,"column":62}},"type":"cond-expr","locations":[{"start":{"line":37,"column":41},"end":{"line":37,"column":50}},{"start":{"line":37,"column":53},"end":{"line":37,"column":62}}]},"5":{"loc":{"start":{"line":50,"column":4},"end":{"line":67,"column":5}},"type":"if","locations":[{"start":{"line":50,"column":4},"end":{"line":67,"column":5}}]},"6":{"loc":{"start":{"line":50,"column":8},"end":{"line":50,"column":49}},"type":"binary-expr","locations":[{"start":{"line":50,"column":8},"end":{"line":50,"column":21}},{"start":{"line":50,"column":25},"end":{"line":50,"column":49}}]},"7":{"loc":{"start":{"line":83,"column":32},"end":{"line":83,"column":66}},"type":"cond-expr","locations":[{"start":{"line":83,"column":51},"end":{"line":83,"column":61}},{"start":{"line":83,"column":64},"end":{"line":83,"column":66}}]},"8":{"loc":{"start":{"line":88,"column":29},"end":{"line":88,"column":66}},"type":"cond-expr","locations":[{"start":{"line":88,"column":48},"end":{"line":88,"column":57}},{"start":{"line":88,"column":60},"end":{"line":88,"column":66}}]},"9":{"loc":{"start":{"line":90,"column":25},"end":{"line":90,"column":65}},"type":"cond-expr","locations":[{"start":{"line":90,"column":44},"end":{"line":90,"column":53}},{"start":{"line":90,"column":56},"end":{"line":90,"column":65}}]},"10":{"loc":{"start":{"line":100,"column":31},"end":{"line":100,"column":66}},"type":"cond-expr","locations":[{"start":{"line":100,"column":45},"end":{"line":100,"column":54}},{"start":{"line":100,"column":57},"end":{"line":100,"column":66}}]},"11":{"loc":{"start":{"line":107,"column":13},"end":{"line":107,"column":43}},"type":"cond-expr","locations":[{"start":{"line":107,"column":27},"end":{"line":107,"column":35}},{"start":{"line":107,"column":38},"end":{"line":107,"column":43}}]},"12":{"loc":{"start":{"line":112,"column":31},"end":{"line":112,"column":65}},"type":"cond-expr","locations":[{"start":{"line":112,"column":44},"end":{"line":112,"column":53}},{"start":{"line":112,"column":56},"end":{"line":112,"column":65}}]},"13":{"loc":{"start":{"line":119,"column":13},"end":{"line":119,"column":40}},"type":"cond-expr","locations":[{"start":{"line":119,"column":26},"end":{"line":119,"column":33}},{"start":{"line":119,"column":36},"end":{"line":119,"column":40}}]},"14":{"loc":{"start":{"line":163,"column":9},"end":{"line":164,"column":null}},"type":"binary-expr","locations":[{"start":{"line":163,"column":9},"end":{"line":163,"column":33}},{"start":{"line":164,"column":10},"end":{"line":164,"column":81}}]}},"s":{"0":0,"1":0,"2":0,"3":0,"4":0,"5":0,"6":0,"7":0,"8":0,"9":0,"10":0,"11":0,"12":0,"13":0,"14":0,"15":0,"16":0,"17":0,"18":0,"19":0,"20":0,"21":0,"22":0,"23":0,"24":0,"25":0,"26":0,"27":0,"28":0,"29":0,"30":0,"31":0,"32":0,"33":0,"34":0,"35":0,"36":0,"37":0,"38":0,"39":0,"40":0,"41":0,"42":0,"43":0,"44":0,"45":0,"46":0,"47":0,"48":0,"49":0,"50":0,"51":0,"52":0},"f":{"0":0,"1":0,"2":0,"3":0,"4":0,"5":0,"6":0,"7":0,"8":0},"b":{"0":[0],"1":[0,0],"2":[0],"3":[0,0],"4":[0,0],"5":[0],"6":[0,0],"7":[0,0],"8":[0,0],"9":[0,0],"10":[0,0],"11":[0,0],"12":[0,0],"13":[0,0],"14":[0,0]}}
,"C:\\vang\\project\\2025\\vcut\\packages\\audio-editor\\src\\components\\EffectsPanel.tsx": {"path":"C:\\vang\\project\\2025\\vcut\\packages\\audio-editor\\src\\components\\EffectsPanel.tsx","statementMap":{"0":{"start":{"line":1,"column":0},"end":{"line":1,"column":40}},"1":{"start":{"line":2,"column":0},"end":{"line":2,"column":63}},"2":{"start":{"line":3,"column":0},"end":{"line":3,"column":78}},"3":{"start":{"line":5,"column":31},"end":{"line":542,"column":1}},"4":{"start":{"line":11,"column":6},"end":{"line":11,"column":22}},"5":{"start":{"line":13,"column":54},"end":{"line":13,"column":101}},"6":{"start":{"line":14,"column":30},"end":{"line":14,"column":35}},"7":{"start":{"line":16,"column":24},"end":{"line":18,"column":10}},"8":{"start":{"line":17,"column":33},"end":{"line":17,"column":61}},"9":{"start":{"line":20,"column":26},"end":{"line":237,"column":3}},"10":{"start":{"line":21,"column":4},"end":{"line":21,"column":33}},"11":{"start":{"line":21,"column":26},"end":{"line":21,"column":33}},"12":{"start":{"line":24,"column":47},"end":{"line":24,"column":49}},"13":{"start":{"line":26,"column":4},"end":{"line":226,"column":5}},"14":{"start":{"line":28,"column":8},"end":{"line":37,"column":11}},"15":{"start":{"line":38,"column":8},"end":{"line":38,"column":14}},"16":{"start":{"line":41,"column":8},"end":{"line":80,"column":10}},"17":{"start":{"line":81,"column":8},"end":{"line":81,"column":14}},"18":{"start":{"line":84,"column":8},"end":{"line":134,"column":10}},"19":{"start":{"line":135,"column":8},"end":{"line":135,"column":14}},"20":{"start":{"line":138,"column":8},"end":{"line":167,"column":10}},"21":{"start":{"line":168,"column":8},"end":{"line":168,"column":14}},"22":{"start":{"line":171,"column":8},"end":{"line":200,"column":10}},"23":{"start":{"line":201,"column":8},"end":{"line":201,"column":14}},"24":{"start":{"line":204,"column":8},"end":{"line":224,"column":10}},"25":{"start":{"line":225,"column":8},"end":{"line":225,"column":14}},"26":{"start":{"line":229,"column":47},"end":{"line":234,"column":6}},"27":{"start":{"line":236,"column":4},"end":{"line":236,"column":42}},"28":{"start":{"line":240,"column":28},"end":{"line":265,"column":3}},"29":{"start":{"line":241,"column":4},"end":{"line":264,"column":5}},"30":{"start":{"line":243,"column":8},"end":{"line":243,"column":20}},"31":{"start":{"line":245,"column":8},"end":{"line":245,"column":23}},"32":{"start":{"line":247,"column":8},"end":{"line":247,"column":22}},"33":{"start":{"line":249,"column":8},"end":{"line":249,"column":21}},"34":{"start":{"line":251,"column":8},"end":{"line":251,"column":21}},"35":{"start":{"line":253,"column":8},"end":{"line":253,"column":24}},"36":{"start":{"line":255,"column":8},"end":{"line":255,"column":21}},"37":{"start":{"line":257,"column":8},"end":{"line":257,"column":21}},"38":{"start":{"line":259,"column":8},"end":{"line":259,"column":24}},"39":{"start":{"line":261,"column":8},"end":{"line":261,"column":25}},"40":{"start":{"line":263,"column":8},"end":{"line":263,"column":24}},"41":{"start":{"line":268,"column":32},"end":{"line":286,"column":3}},"42":{"start":{"line":269,"column":4},"end":{"line":269,"column":33}},"43":{"start":{"line":269,"column":26},"end":{"line":269,"column":33}},"44":{"start":{"line":271,"column":18},"end":{"line":271,"column":66}},"45":{"start":{"line":271,"column":41},"end":{"line":271,"column":65}},"46":{"start":{"line":272,"column":4},"end":{"line":272,"column":23}},"47":{"start":{"line":272,"column":16},"end":{"line":272,"column":23}},"48":{"start":{"line":274,"column":19},"end":{"line":274,"column":61}},"49":{"start":{"line":274,"column":43},"end":{"line":274,"column":60}},"50":{"start":{"line":275,"column":4},"end":{"line":275,"column":24}},"51":{"start":{"line":275,"column":17},"end":{"line":275,"column":24}},"52":{"start":{"line":278,"column":30},"end":{"line":281,"column":null}},"53":{"start":{"line":279,"column":6},"end":{"line":281,"column":15}},"54":{"start":{"line":285,"column":4},"end":{"line":285,"column":79}},"55":{"start":{"line":289,"column":29},"end":{"line":299,"column":3}},"56":{"start":{"line":290,"column":4},"end":{"line":290,"column":33}},"57":{"start":{"line":290,"column":26},"end":{"line":290,"column":33}},"58":{"start":{"line":292,"column":18},"end":{"line":292,"column":66}},"59":{"start":{"line":292,"column":41},"end":{"line":292,"column":65}},"60":{"start":{"line":293,"column":4},"end":{"line":293,"column":23}},"61":{"start":{"line":293,"column":16},"end":{"line":293,"column":23}},"62":{"start":{"line":295,"column":19},"end":{"line":295,"column":61}},"63":{"start":{"line":295,"column":43},"end":{"line":295,"column":60}},"64":{"start":{"line":296,"column":4},"end":{"line":296,"column":24}},"65":{"start":{"line":296,"column":17},"end":{"line":296,"column":24}},"66":{"start":{"line":298,"column":4},"end":{"line":298,"column":74}},"67":{"start":{"line":302,"column":29},"end":{"line":305,"column":3}},"68":{"start":{"line":303,"column":4},"end":{"line":303,"column":33}},"69":{"start":{"line":303,"column":26},"end":{"line":303,"column":33}},"70":{"start":{"line":304,"column":4},"end":{"line":304,"column":44}},"71":{"start":{"line":308,"column":28},"end":{"line":314,"column":3}},"72":{"start":{"line":309,"column":18},"end":{"line":312,"column":6}},"73":{"start":{"line":313,"column":4},"end":{"line":313,"column":37}},"74":{"start":{"line":317,"column":29},"end":{"line":354,"column":3}},"75":{"start":{"line":318,"column":4},"end":{"line":351,"column":5}},"76":{"start":{"line":319,"column":25},"end":{"line":319,"column":59}},"77":{"start":{"line":320,"column":6},"end":{"line":350,"column":8}},"78":{"start":{"line":325,"column":29},"end":{"line":328,"column":null}},"79":{"start":{"line":353,"column":4},"end":{"line":353,"column":46}},"80":{"start":{"line":357,"column":26},"end":{"line":399,"column":3}},"81":{"start":{"line":358,"column":4},"end":{"line":398,"column":6}},"82":{"start":{"line":370,"column":29},"end":{"line":373,"column":null}},"83":{"start":{"line":383,"column":29},"end":{"line":386,"column":null}},"84":{"start":{"line":401,"column":2},"end":{"line":541,"column":4}},"85":{"start":{"line":411,"column":33},"end":{"line":411,"column":89}},"86":{"start":{"line":455,"column":16},"end":{"line":456,"column":null}},"87":{"start":{"line":481,"column":39},"end":{"line":481,"column":68}},"88":{"start":{"line":495,"column":39},"end":{"line":495,"column":68}},"89":{"start":{"line":519,"column":22},"end":{"line":521,"column":60}},"90":{"start":{"line":544,"column":0},"end":{"line":544,"column":28}}},"fnMap":{"0":{"name":"(anonymous_0)","decl":{"start":{"line":5,"column":31},"end":{"line":5,"column":34}},"loc":{"start":{"line":5,"column":36},"end":{"line":542,"column":1}}},"1":{"name":"(anonymous_1)","decl":{"start":{"line":17,"column":24},"end":{"line":17,"column":29}},"loc":{"start":{"line":17,"column":33},"end":{"line":17,"column":61}}},"2":{"name":"(anonymous_2)","decl":{"start":{"line":20,"column":26},"end":{"line":20,"column":29}},"loc":{"start":{"line":20,"column":31},"end":{"line":237,"column":3}}},"3":{"name":"(anonymous_3)","decl":{"start":{"line":240,"column":28},"end":{"line":240,"column":29}},"loc":{"start":{"line":240,"column":62},"end":{"line":265,"column":3}}},"4":{"name":"(anonymous_4)","decl":{"start":{"line":268,"column":32},"end":{"line":268,"column":33}},"loc":{"start":{"line":268,"column":89},"end":{"line":286,"column":3}}},"5":{"name":"(anonymous_5)","decl":{"start":{"line":271,"column":36},"end":{"line":271,"column":37}},"loc":{"start":{"line":271,"column":41},"end":{"line":271,"column":65}}},"6":{"name":"(anonymous_6)","decl":{"start":{"line":274,"column":38},"end":{"line":274,"column":39}},"loc":{"start":{"line":274,"column":43},"end":{"line":274,"column":60}}},"7":{"name":"(anonymous_7)","decl":{"start":{"line":278,"column":52},"end":{"line":278,"column":57}},"loc":{"start":{"line":279,"column":6},"end":{"line":281,"column":15}}},"8":{"name":"(anonymous_8)","decl":{"start":{"line":289,"column":29},"end":{"line":289,"column":30}},"loc":{"start":{"line":289,"column":50},"end":{"line":299,"column":3}}},"9":{"name":"(anonymous_9)","decl":{"start":{"line":292,"column":36},"end":{"line":292,"column":37}},"loc":{"start":{"line":292,"column":41},"end":{"line":292,"column":65}}},"10":{"name":"(anonymous_10)","decl":{"start":{"line":295,"column":38},"end":{"line":295,"column":39}},"loc":{"start":{"line":295,"column":43},"end":{"line":295,"column":60}}},"11":{"name":"(anonymous_11)","decl":{"start":{"line":302,"column":29},"end":{"line":302,"column":30}},"loc":{"start":{"line":302,"column":50},"end":{"line":305,"column":3}}},"12":{"name":"(anonymous_12)","decl":{"start":{"line":308,"column":28},"end":{"line":308,"column":29}},"loc":{"start":{"line":308,"column":54},"end":{"line":314,"column":3}}},"13":{"name":"(anonymous_13)","decl":{"start":{"line":317,"column":29},"end":{"line":317,"column":30}},"loc":{"start":{"line":317,"column":86},"end":{"line":354,"column":3}}},"14":{"name":"(anonymous_14)","decl":{"start":{"line":325,"column":22},"end":{"line":325,"column":23}},"loc":{"start":{"line":325,"column":29},"end":{"line":328,"column":null}}},"15":{"name":"(anonymous_15)","decl":{"start":{"line":357,"column":26},"end":{"line":357,"column":27}},"loc":{"start":{"line":357,"column":83},"end":{"line":399,"column":3}}},"16":{"name":"(anonymous_16)","decl":{"start":{"line":370,"column":22},"end":{"line":370,"column":23}},"loc":{"start":{"line":370,"column":29},"end":{"line":373,"column":null}}},"17":{"name":"(anonymous_17)","decl":{"start":{"line":383,"column":22},"end":{"line":383,"column":23}},"loc":{"start":{"line":383,"column":29},"end":{"line":386,"column":null}}},"18":{"name":"(anonymous_18)","decl":{"start":{"line":411,"column":26},"end":{"line":411,"column":27}},"loc":{"start":{"line":411,"column":33},"end":{"line":411,"column":89}}},"19":{"name":"(anonymous_19)","decl":{"start":{"line":454,"column":40},"end":{"line":454,"column":46}},"loc":{"start":{"line":455,"column":16},"end":{"line":456,"column":null}}},"20":{"name":"(anonymous_20)","decl":{"start":{"line":481,"column":33},"end":{"line":481,"column":36}},"loc":{"start":{"line":481,"column":39},"end":{"line":481,"column":68}}},"21":{"name":"(anonymous_21)","decl":{"start":{"line":495,"column":33},"end":{"line":495,"column":36}},"loc":{"start":{"line":495,"column":39},"end":{"line":495,"column":68}}},"22":{"name":"(anonymous_22)","decl":{"start":{"line":518,"column":43},"end":{"line":518,"column":52}},"loc":{"start":{"line":519,"column":22},"end":{"line":521,"column":60}}}},"branchMap":{"0":{"loc":{"start":{"line":16,"column":24},"end":{"line":18,"column":10}},"type":"cond-expr","locations":[{"start":{"line":17,"column":6},"end":{"line":17,"column":62}},{"start":{"line":18,"column":6},"end":{"line":18,"column":10}}]},"1":{"loc":{"start":{"line":21,"column":4},"end":{"line":21,"column":33}},"type":"if","locations":[{"start":{"line":21,"column":4},"end":{"line":21,"column":33}}]},"2":{"loc":{"start":{"line":26,"column":4},"end":{"line":226,"column":5}},"type":"switch","locations":[{"start":{"line":27,"column":6},"end":{"line":38,"column":14}},{"start":{"line":40,"column":6},"end":{"line":81,"column":14}},{"start":{"line":83,"column":6},"end":{"line":135,"column":14}},{"start":{"line":137,"column":6},"end":{"line":168,"column":14}},{"start":{"line":170,"column":6},"end":{"line":201,"column":14}},{"start":{"line":203,"column":6},"end":{"line":225,"column":14}}]},"3":{"loc":{"start":{"line":241,"column":4},"end":{"line":264,"column":5}},"type":"switch","locations":[{"start":{"line":242,"column":6},"end":{"line":243,"column":20}},{"start":{"line":244,"column":6},"end":{"line":245,"column":23}},{"start":{"line":246,"column":6},"end":{"line":247,"column":22}},{"start":{"line":248,"column":6},"end":{"line":249,"column":21}},{"start":{"line":250,"column":6},"end":{"line":251,"column":21}},{"start":{"line":252,"column":6},"end":{"line":253,"column":24}},{"start":{"line":254,"column":6},"end":{"line":255,"column":21}},{"start":{"line":256,"column":6},"end":{"line":257,"column":21}},{"start":{"line":258,"column":6},"end":{"line":259,"column":24}},{"start":{"line":260,"column":6},"end":{"line":261,"column":25}},{"start":{"line":262,"column":6},"end":{"line":263,"column":24}}]},"4":{"loc":{"start":{"line":269,"column":4},"end":{"line":269,"column":33}},"type":"if","locations":[{"start":{"line":269,"column":4},"end":{"line":269,"column":33}}]},"5":{"loc":{"start":{"line":272,"column":4},"end":{"line":272,"column":23}},"type":"if","locations":[{"start":{"line":272,"column":4},"end":{"line":272,"column":23}}]},"6":{"loc":{"start":{"line":275,"column":4},"end":{"line":275,"column":24}},"type":"if","locations":[{"start":{"line":275,"column":4},"end":{"line":275,"column":24}}]},"7":{"loc":{"start":{"line":279,"column":6},"end":{"line":281,"column":15}},"type":"cond-expr","locations":[{"start":{"line":280,"column":10},"end":{"line":280,"column":29}},{"start":{"line":281,"column":10},"end":{"line":281,"column":15}}]},"8":{"loc":{"start":{"line":290,"column":4},"end":{"line":290,"column":33}},"type":"if","locations":[{"start":{"line":290,"column":4},"end":{"line":290,"column":33}}]},"9":{"loc":{"start":{"line":293,"column":4},"end":{"line":293,"column":23}},"type":"if","locations":[{"start":{"line":293,"column":4},"end":{"line":293,"column":23}}]},"10":{"loc":{"start":{"line":296,"column":4},"end":{"line":296,"column":24}},"type":"if","locations":[{"start":{"line":296,"column":4},"end":{"line":296,"column":24}}]},"11":{"loc":{"start":{"line":303,"column":4},"end":{"line":303,"column":33}},"type":"if","locations":[{"start":{"line":303,"column":4},"end":{"line":303,"column":33}}]},"12":{"loc":{"start":{"line":313,"column":11},"end":{"line":313,"column":36}},"type":"binary-expr","locations":[{"start":{"line":313,"column":11},"end":{"line":313,"column":23}},{"start":{"line":313,"column":27},"end":{"line":313,"column":36}}]},"13":{"loc":{"start":{"line":318,"column":4},"end":{"line":351,"column":5}},"type":"if","locations":[{"start":{"line":318,"column":4},"end":{"line":351,"column":5}}]},"14":{"loc":{"start":{"line":361,"column":28},"end":{"line":361,"column":71}},"type":"cond-expr","locations":[{"start":{"line":361,"column":45},"end":{"line":361,"column":66}},{"start":{"line":361,"column":69},"end":{"line":361,"column":71}}]},"15":{"loc":{"start":{"line":405,"column":7},"end":{"line":538,"column":null}},"type":"cond-expr","locations":[{"start":{"line":406,"column":8},"end":{"line":527,"column":null}},{"start":{"line":530,"column":8},"end":{"line":536,"column":null}}]},"16":{"loc":{"start":{"line":443,"column":13},"end":{"line":525,"column":null}},"type":"cond-expr","locations":[{"start":{"line":444,"column":14},"end":{"line":450,"column":null}},{"start":{"line":454,"column":14},"end":{"line":525,"column":16}}]},"17":{"loc":{"start":{"line":462,"column":37},"end":{"line":462,"column":75}},"type":"cond-expr","locations":[{"start":{"line":462,"column":54},"end":{"line":462,"column":63}},{"start":{"line":462,"column":66},"end":{"line":462,"column":75}}]},"18":{"loc":{"start":{"line":473,"column":39},"end":{"line":473,"column":77}},"type":"cond-expr","locations":[{"start":{"line":473,"column":56},"end":{"line":473,"column":65}},{"start":{"line":473,"column":68},"end":{"line":473,"column":77}}]},"19":{"loc":{"start":{"line":484,"column":43},"end":{"line":484,"column":81}},"type":"cond-expr","locations":[{"start":{"line":484,"column":60},"end":{"line":484,"column":69}},{"start":{"line":484,"column":72},"end":{"line":484,"column":81}}]},"20":{"loc":{"start":{"line":492,"column":25},"end":{"line":492,"column":58}},"type":"cond-expr","locations":[{"start":{"line":492,"column":42},"end":{"line":492,"column":48}},{"start":{"line":492,"column":51},"end":{"line":492,"column":58}}]},"21":{"loc":{"start":{"line":515,"column":31},"end":{"line":515,"column":55}},"type":"cond-expr","locations":[{"start":{"line":515,"column":48},"end":{"line":515,"column":49}},{"start":{"line":515,"column":52},"end":{"line":515,"column":55}}]},"22":{"loc":{"start":{"line":519,"column":22},"end":{"line":521,"column":60}},"type":"cond-expr","locations":[{"start":{"line":520,"column":26},"end":{"line":520,"column":63}},{"start":{"line":521,"column":26},"end":{"line":521,"column":60}}]}},"s":{"0":0,"1":0,"2":0,"3":0,"4":0,"5":0,"6":0,"7":0,"8":0,"9":0,"10":0,"11":0,"12":0,"13":0,"14":0,"15":0,"16":0,"17":0,"18":0,"19":0,"20":0,"21":0,"22":0,"23":0,"24":0,"25":0,"26":0,"27":0,"28":0,"29":0,"30":0,"31":0,"32":0,"33":0,"34":0,"35":0,"36":0,"37":0,"38":0,"39":0,"40":0,"41":0,"42":0,"43":0,"44":0,"45":0,"46":0,"47":0,"48":0,"49":0,"50":0,"51":0,"52":0,"53":0,"54":0,"55":0,"56":0,"57":0,"58":0,"59":0,"60":0,"61":0,"62":0,"63":0,"64":0,"65":0,"66":0,"67":0,"68":0,"69":0,"70":0,"71":0,"72":0,"73":0,"74":0,"75":0,"76":0,"77":0,"78":0,"79":0,"80":0,"81":0,"82":0,"83":0,"84":0,"85":0,"86":0,"87":0,"88":0,"89":0,"90":0},"f":{"0":0,"1":0,"2":0,"3":0,"4":0,"5":0,"6":0,"7":0,"8":0,"9":0,"10":0,"11":0,"12":0,"13":0,"14":0,"15":0,"16":0,"17":0,"18":0,"19":0,"20":0,"21":0,"22":0},"b":{"0":[0,0],"1":[0],"2":[0,0,0,0,0,0],"3":[0,0,0,0,0,0,0,0,0,0,0],"4":[0],"5":[0],"6":[0],"7":[0,0],"8":[0],"9":[0],"10":[0],"11":[0],"12":[0,0],"13":[0],"14":[0,0],"15":[0,0],"16":[0,0],"17":[0,0],"18":[0,0],"19":[0,0],"20":[0,0],"21":[0,0],"22":[0,0]}}
,"C:\\vang\\project\\2025\\vcut\\packages\\audio-editor\\src\\components\\TrackList.tsx": {"path":"C:\\vang\\project\\2025\\vcut\\packages\\audio-editor\\src\\components\\TrackList.tsx","statementMap":{"0":{"start":{"line":1,"column":0},"end":{"line":1,"column":26}},"1":{"start":{"line":2,"column":0},"end":{"line":2,"column":63}},"2":{"start":{"line":3,"column":0},"end":{"line":3,"column":38}},"3":{"start":{"line":5,"column":28},"end":{"line":31,"column":1}},"4":{"start":{"line":6,"column":20},"end":{"line":6,"column":36}},"5":{"start":{"line":8,"column":2},"end":{"line":30,"column":4}},"6":{"start":{"line":25,"column":12},"end":{"line":25,"column":39}},"7":{"start":{"line":33,"column":0},"end":{"line":33,"column":25}}},"fnMap":{"0":{"name":"(anonymous_0)","decl":{"start":{"line":5,"column":28},"end":{"line":5,"column":31}},"loc":{"start":{"line":5,"column":33},"end":{"line":31,"column":1}}},"1":{"name":"(anonymous_1)","decl":{"start":{"line":24,"column":28},"end":{"line":24,"column":33}},"loc":{"start":{"line":25,"column":12},"end":{"line":25,"column":39}}}},"branchMap":{"0":{"loc":{"start":{"line":12,"column":7},"end":{"line":27,"column":null}},"type":"cond-expr","locations":[{"start":{"line":13,"column":8},"end":{"line":19,"column":null}},{"start":{"line":23,"column":8},"end":{"line":26,"column":null}}]}},"s":{"0":0,"1":0,"2":0,"3":0,"4":0,"5":0,"6":0,"7":0},"f":{"0":0,"1":0},"b":{"0":[0,0]}}
,"C:\\vang\\project\\2025\\vcut\\packages\\audio-editor\\src\\components\\TransportControls.tsx": {"path":"C:\\vang\\project\\2025\\vcut\\packages\\audio-editor\\src\\components\\TransportControls.tsx","statementMap":{"0":{"start":{"line":1,"column":0},"end":{"line":1,"column":26}},"1":{"start":{"line":2,"column":0},"end":{"line":2,"column":63}},"2":{"start":{"line":4,"column":36},"end":{"line":208,"column":1}},"3":{"start":{"line":12,"column":6},"end":{"line":12,"column":22}},"4":{"start":{"line":14,"column":53},"end":{"line":14,"column":58}},"5":{"start":{"line":17,"column":21},"end":{"line":34,"column":3}},"6":{"start":{"line":19,"column":4},"end":{"line":22,"column":5}},"7":{"start":{"line":20,"column":6},"end":{"line":20,"column":42}},"8":{"start":{"line":21,"column":6},"end":{"line":21,"column":24}},"9":{"start":{"line":24,"column":20},"end":{"line":24,"column":41}},"10":{"start":{"line":25,"column":20},"end":{"line":25,"column":41}},"11":{"start":{"line":26,"column":25},"end":{"line":26,"column":53}},"12":{"start":{"line":29,"column":4},"end":{"line":31,"column":5}},"13":{"start":{"line":30,"column":6},"end":{"line":30,"column":77}},"14":{"start":{"line":33,"column":4},"end":{"line":33,"column":135}},"15":{"start":{"line":37,"column":27},"end":{"line":40,"column":3}},"16":{"start":{"line":38,"column":20},"end":{"line":38,"column":46}},"17":{"start":{"line":39,"column":4},"end":{"line":39,"column":28}},"18":{"start":{"line":43,"column":27},"end":{"line":45,"column":3}},"19":{"start":{"line":44,"column":4},"end":{"line":44,"column":49}},"20":{"start":{"line":48,"column":29},"end":{"line":50,"column":3}},"21":{"start":{"line":49,"column":4},"end":{"line":49,"column":41}},"22":{"start":{"line":53,"column":27},"end":{"line":55,"column":3}},"23":{"start":{"line":54,"column":4},"end":{"line":54,"column":43}},"24":{"start":{"line":57,"column":2},"end":{"line":207,"column":4}},"25":{"start":{"line":210,"column":0},"end":{"line":210,"column":33}}},"fnMap":{"0":{"name":"(anonymous_0)","decl":{"start":{"line":4,"column":36},"end":{"line":4,"column":39}},"loc":{"start":{"line":4,"column":41},"end":{"line":208,"column":1}}},"1":{"name":"(anonymous_1)","decl":{"start":{"line":17,"column":21},"end":{"line":17,"column":22}},"loc":{"start":{"line":17,"column":46},"end":{"line":34,"column":3}}},"2":{"name":"(anonymous_2)","decl":{"start":{"line":37,"column":27},"end":{"line":37,"column":28}},"loc":{"start":{"line":37,"column":70},"end":{"line":40,"column":3}}},"3":{"name":"(anonymous_3)","decl":{"start":{"line":43,"column":27},"end":{"line":43,"column":30}},"loc":{"start":{"line":43,"column":32},"end":{"line":45,"column":3}}},"4":{"name":"(anonymous_4)","decl":{"start":{"line":48,"column":29},"end":{"line":48,"column":32}},"loc":{"start":{"line":48,"column":34},"end":{"line":50,"column":3}}},"5":{"name":"(anonymous_5)","decl":{"start":{"line":53,"column":27},"end":{"line":53,"column":30}},"loc":{"start":{"line":53,"column":32},"end":{"line":55,"column":3}}}},"branchMap":{"0":{"loc":{"start":{"line":19,"column":4},"end":{"line":22,"column":5}},"type":"if","locations":[{"start":{"line":19,"column":4},"end":{"line":22,"column":5}}]},"1":{"loc":{"start":{"line":19,"column":8},"end":{"line":19,"column":31}},"type":"binary-expr","locations":[{"start":{"line":19,"column":8},"end":{"line":19,"column":19}},{"start":{"line":19,"column":23},"end":{"line":19,"column":31}}]},"2":{"loc":{"start":{"line":29,"column":4},"end":{"line":31,"column":5}},"type":"if","locations":[{"start":{"line":29,"column":4},"end":{"line":31,"column":5}}]},"3":{"loc":{"start":{"line":29,"column":8},"end":{"line":29,"column":35}},"type":"binary-expr","locations":[{"start":{"line":29,"column":8},"end":{"line":29,"column":16}},{"start":{"line":29,"column":20},"end":{"line":29,"column":35}}]},"4":{"loc":{"start":{"line":91,"column":9},"end":{"line":133,"column":null}},"type":"cond-expr","locations":[{"start":{"line":92,"column":10},"end":{"line":111,"column":null}},{"start":{"line":114,"column":10},"end":{"line":132,"column":null}}]},"5":{"loc":{"start":{"line":144,"column":15},"end":{"line":144,"column":30}},"type":"binary-expr","locations":[{"start":{"line":144,"column":15},"end":{"line":144,"column":23}},{"start":{"line":144,"column":27},"end":{"line":144,"column":30}}]},"6":{"loc":{"start":{"line":164,"column":29},"end":{"line":164,"column":65}},"type":"cond-expr","locations":[{"start":{"line":164,"column":44},"end":{"line":164,"column":53}},{"start":{"line":164,"column":56},"end":{"line":164,"column":65}}]},"7":{"loc":{"start":{"line":165,"column":19},"end":{"line":165,"column":53}},"type":"cond-expr","locations":[{"start":{"line":165,"column":34},"end":{"line":165,"column":41}},{"start":{"line":165,"column":44},"end":{"line":165,"column":53}}]},"8":{"loc":{"start":{"line":173,"column":11},"end":{"line":173,"column":43}},"type":"cond-expr","locations":[{"start":{"line":173,"column":26},"end":{"line":173,"column":33}},{"start":{"line":173,"column":36},"end":{"line":173,"column":43}}]},"9":{"loc":{"start":{"line":179,"column":29},"end":{"line":179,"column":65}},"type":"cond-expr","locations":[{"start":{"line":179,"column":44},"end":{"line":179,"column":53}},{"start":{"line":179,"column":56},"end":{"line":179,"column":65}}]},"10":{"loc":{"start":{"line":180,"column":19},"end":{"line":180,"column":55}},"type":"cond-expr","locations":[{"start":{"line":180,"column":34},"end":{"line":180,"column":43}},{"start":{"line":180,"column":46},"end":{"line":180,"column":55}}]},"11":{"loc":{"start":{"line":184,"column":20},"end":{"line":184,"column":60}},"type":"cond-expr","locations":[{"start":{"line":184,"column":35},"end":{"line":184,"column":44}},{"start":{"line":184,"column":47},"end":{"line":184,"column":60}}]},"12":{"loc":{"start":{"line":194,"column":29},"end":{"line":194,"column":65}},"type":"cond-expr","locations":[{"start":{"line":194,"column":44},"end":{"line":194,"column":53}},{"start":{"line":194,"column":56},"end":{"line":194,"column":65}}]},"13":{"loc":{"start":{"line":195,"column":19},"end":{"line":195,"column":55}},"type":"cond-expr","locations":[{"start":{"line":195,"column":34},"end":{"line":195,"column":43}},{"start":{"line":195,"column":46},"end":{"line":195,"column":55}}]},"14":{"loc":{"start":{"line":199,"column":20},"end":{"line":199,"column":60}},"type":"cond-expr","locations":[{"start":{"line":199,"column":35},"end":{"line":199,"column":44}},{"start":{"line":199,"column":47},"end":{"line":199,"column":60}}]}},"s":{"0":1,"1":1,"2":1,"3":6,"4":6,"5":6,"6":24,"7":0,"8":0,"9":24,"10":24,"11":24,"12":24,"13":6,"14":24,"15":6,"16":0,"17":0,"18":6,"19":1,"20":6,"21":0,"22":6,"23":0,"24":6,"25":1},"f":{"0":6,"1":24,"2":0,"3":1,"4":0,"5":0},"b":{"0":[0],"1":[24,24],"2":[6],"3":[24,7],"4":[1,5],"5":[6,0],"6":[0,6],"7":[0,6],"8":[0,6],"9":[0,6],"10":[0,6],"11":[0,6],"12":[0,6],"13":[0,6],"14":[0,6]}}
,"C:\\vang\\project\\2025\\vcut\\packages\\audio-editor\\src\\context\\AudioEditorContext.tsx": {"path":"C:\\vang\\project\\2025\\vcut\\packages\\audio-editor\\src\\context\\AudioEditorContext.tsx","statementMap":{"0":{"start":{"line":1,"column":0},"end":{"line":1,"column":112}},"1":{"start":{"line":2,"column":0},"end":{"line":2,"column":36}},"2":{"start":{"line":10,"column":0},"end":{"line":10,"column":52}},"3":{"start":{"line":13,"column":39},"end":{"line":30,"column":2}},"4":{"start":{"line":33,"column":16},"end":{"line":252,"column":1}},"5":{"start":{"line":34,"column":2},"end":{"line":251,"column":3}},"6":{"start":{"line":36,"column":6},"end":{"line":42,"column":8}},"7":{"start":{"line":45,"column":6},"end":{"line":49,"column":8}},"8":{"start":{"line":47,"column":45},"end":{"line":47,"column":72}},"9":{"start":{"line":52,"column":6},"end":{"line":68,"column":8}},"10":{"start":{"line":55,"column":10},"end":{"line":57,"column":19}},"11":{"start":{"line":63,"column":29},"end":{"line":63,"column":55}},"12":{"start":{"line":64,"column":26},"end":{"line":64,"column":41}},"13":{"start":{"line":71,"column":6},"end":{"line":78,"column":8}},"14":{"start":{"line":74,"column":10},"end":{"line":76,"column":19}},"15":{"start":{"line":81,"column":6},"end":{"line":88,"column":8}},"16":{"start":{"line":84,"column":10},"end":{"line":86,"column":19}},"17":{"start":{"line":91,"column":6},"end":{"line":98,"column":8}},"18":{"start":{"line":94,"column":10},"end":{"line":96,"column":19}},"19":{"start":{"line":101,"column":6},"end":{"line":108,"column":8}},"20":{"start":{"line":104,"column":43},"end":{"line":107,"column":10}},"21":{"start":{"line":111,"column":6},"end":{"line":114,"column":8}},"22":{"start":{"line":117,"column":6},"end":{"line":120,"column":8}},"23":{"start":{"line":123,"column":6},"end":{"line":127,"column":8}},"24":{"start":{"line":130,"column":6},"end":{"line":134,"column":8}},"25":{"start":{"line":137,"column":6},"end":{"line":141,"column":8}},"26":{"start":{"line":144,"column":6},"end":{"line":155,"column":8}},"27":{"start":{"line":158,"column":6},"end":{"line":161,"column":8}},"28":{"start":{"line":164,"column":6},"end":{"line":174,"column":8}},"29":{"start":{"line":167,"column":10},"end":{"line":172,"column":19}},"30":{"start":{"line":177,"column":6},"end":{"line":187,"column":8}},"31":{"start":{"line":180,"column":10},"end":{"line":185,"column":19}},"32":{"start":{"line":183,"column":51},"end":{"line":183,"column":83}},"33":{"start":{"line":190,"column":6},"end":{"line":204,"column":8}},"34":{"start":{"line":193,"column":10},"end":{"line":202,"column":19}},"35":{"start":{"line":197,"column":18},"end":{"line":199,"column":28}},"36":{"start":{"line":207,"column":6},"end":{"line":217,"column":8}},"37":{"start":{"line":210,"column":10},"end":{"line":215,"column":19}},"38":{"start":{"line":220,"column":6},"end":{"line":230,"column":8}},"39":{"start":{"line":223,"column":10},"end":{"line":228,"column":19}},"40":{"start":{"line":226,"column":51},"end":{"line":226,"column":83}},"41":{"start":{"line":233,"column":6},"end":{"line":247,"column":8}},"42":{"start":{"line":236,"column":10},"end":{"line":245,"column":19}},"43":{"start":{"line":240,"column":18},"end":{"line":242,"column":28}},"44":{"start":{"line":250,"column":6},"end":{"line":250,"column":19}},"45":{"start":{"line":255,"column":27},"end":{"line":303,"column":2}},"46":{"start":{"line":281,"column":18},"end":{"line":281,"column":22}},"47":{"start":{"line":282,"column":24},"end":{"line":282,"column":26}},"48":{"start":{"line":301,"column":29},"end":{"line":301,"column":31}},"49":{"start":{"line":302,"column":27},"end":{"line":302,"column":37}},"50":{"start":{"line":306,"column":35},"end":{"line":933,"column":1}},"51":{"start":{"line":307,"column":28},"end":{"line":307,"column":61}},"52":{"start":{"line":310,"column":26},"end":{"line":310,"column":59}},"53":{"start":{"line":311,"column":29},"end":{"line":311,"column":56}},"54":{"start":{"line":314,"column":2},"end":{"line":394,"column":9}},"55":{"start":{"line":316,"column":4},"end":{"line":316,"column":62}},"56":{"start":{"line":318,"column":4},"end":{"line":393,"column":5}},"57":{"start":{"line":320,"column":6},"end":{"line":327,"column":7}},"58":{"start":{"line":321,"column":8},"end":{"line":321,"column":50}},"59":{"start":{"line":323,"column":8},"end":{"line":326,"column":9}},"60":{"start":{"line":324,"column":10},"end":{"line":324,"column":52}},"61":{"start":{"line":325,"column":10},"end":{"line":325,"column":44}},"62":{"start":{"line":330,"column":6},"end":{"line":330,"column":51}},"63":{"start":{"line":333,"column":6},"end":{"line":333,"column":43}},"64":{"start":{"line":336,"column":33},"end":{"line":345,"column":7}},"65":{"start":{"line":337,"column":8},"end":{"line":344,"column":9}},"66":{"start":{"line":338,"column":10},"end":{"line":338,"column":60}},"67":{"start":{"line":339,"column":10},"end":{"line":343,"column":13}},"68":{"start":{"line":340,"column":12},"end":{"line":340,"column":46}},"69":{"start":{"line":342,"column":12},"end":{"line":342,"column":54}},"70":{"start":{"line":348,"column":32},"end":{"line":348,"column":66}},"71":{"start":{"line":349,"column":6},"end":{"line":351,"column":9}},"72":{"start":{"line":350,"column":8},"end":{"line":350,"column":81}},"73":{"start":{"line":353,"column":6},"end":{"line":353,"column":41}},"74":{"start":{"line":356,"column":6},"end":{"line":390,"column":8}},"75":{"start":{"line":357,"column":8},"end":{"line":357,"column":58}},"76":{"start":{"line":360,"column":8},"end":{"line":362,"column":11}},"77":{"start":{"line":361,"column":10},"end":{"line":361,"column":70}},"78":{"start":{"line":365,"column":8},"end":{"line":368,"column":9}},"79":{"start":{"line":366,"column":10},"end":{"line":366,"column":52}},"80":{"start":{"line":367,"column":10},"end":{"line":367,"column":44}},"81":{"start":{"line":371,"column":8},"end":{"line":389,"column":9}},"82":{"start":{"line":372,"column":10},"end":{"line":386,"column":11}},"83":{"start":{"line":374,"column":12},"end":{"line":376,"column":13}},"84":{"start":{"line":375,"column":14},"end":{"line":375,"column":54}},"85":{"start":{"line":379,"column":12},"end":{"line":383,"column":15}},"86":{"start":{"line":380,"column":14},"end":{"line":380,"column":48}},"87":{"start":{"line":382,"column":14},"end":{"line":382,"column":56}},"88":{"start":{"line":385,"column":12},"end":{"line":385,"column":58}},"89":{"start":{"line":388,"column":10},"end":{"line":388,"column":41}},"90":{"start":{"line":392,"column":6},"end":{"line":392,"column":56}},"91":{"start":{"line":397,"column":26},"end":{"line":399,"column":8}},"92":{"start":{"line":398,"column":4},"end":{"line":398,"column":35}},"93":{"start":{"line":425,"column":19},"end":{"line":445,"column":23}},"94":{"start":{"line":426,"column":25},"end":{"line":426,"column":42}},"95":{"start":{"line":427,"column":4},"end":{"line":427,"column":33}},"96":{"start":{"line":427,"column":23},"end":{"line":427,"column":33}},"97":{"start":{"line":429,"column":4},"end":{"line":444,"column":5}},"98":{"start":{"line":431,"column":22},"end":{"line":431,"column":42}},"99":{"start":{"line":432,"column":6},"end":{"line":432,"column":58}},"100":{"start":{"line":435,"column":6},"end":{"line":435,"column":37}},"101":{"start":{"line":438,"column":6},"end":{"line":438,"column":54}},"102":{"start":{"line":440,"column":6},"end":{"line":440,"column":21}},"103":{"start":{"line":442,"column":6},"end":{"line":442,"column":42}},"104":{"start":{"line":443,"column":6},"end":{"line":443,"column":16}},"105":{"start":{"line":448,"column":22},"end":{"line":454,"column":23}},"106":{"start":{"line":449,"column":25},"end":{"line":449,"column":42}},"107":{"start":{"line":450,"column":4},"end":{"line":450,"column":30}},"108":{"start":{"line":450,"column":23},"end":{"line":450,"column":30}},"109":{"start":{"line":452,"column":4},"end":{"line":452,"column":34}},"110":{"start":{"line":453,"column":4},"end":{"line":453,"column":52}},"111":{"start":{"line":457,"column":22},"end":{"line":478,"column":23}},"112":{"start":{"line":458,"column":25},"end":{"line":458,"column":42}},"113":{"start":{"line":459,"column":4},"end":{"line":459,"column":30}},"114":{"start":{"line":459,"column":23},"end":{"line":459,"column":30}},"115":{"start":{"line":462,"column":4},"end":{"line":464,"column":5}},"116":{"start":{"line":463,"column":6},"end":{"line":463,"column":54}},"117":{"start":{"line":466,"column":4},"end":{"line":468,"column":5}},"118":{"start":{"line":467,"column":6},"end":{"line":467,"column":48}},"119":{"start":{"line":470,"column":4},"end":{"line":472,"column":5}},"120":{"start":{"line":471,"column":6},"end":{"line":471,"column":64}},"121":{"start":{"line":474,"column":4},"end":{"line":477,"column":7}},"122":{"start":{"line":481,"column":25},"end":{"line":490,"column":23}},"123":{"start":{"line":482,"column":25},"end":{"line":482,"column":42}},"124":{"start":{"line":483,"column":4},"end":{"line":483,"column":30}},"125":{"start":{"line":483,"column":23},"end":{"line":483,"column":30}},"126":{"start":{"line":485,"column":4},"end":{"line":485,"column":44}},"127":{"start":{"line":486,"column":4},"end":{"line":489,"column":7}},"128":{"start":{"line":493,"column":26},"end":{"line":504,"column":37}},"129":{"start":{"line":494,"column":18},"end":{"line":494,"column":53}},"130":{"start":{"line":494,"column":41},"end":{"line":494,"column":52}},"131":{"start":{"line":495,"column":4},"end":{"line":495,"column":23}},"132":{"start":{"line":495,"column":16},"end":{"line":495,"column":23}},"133":{"start":{"line":497,"column":25},"end":{"line":497,"column":42}},"134":{"start":{"line":498,"column":4},"end":{"line":498,"column":30}},"135":{"start":{"line":498,"column":23},"end":{"line":498,"column":30}},"136":{"start":{"line":501,"column":4},"end":{"line":501,"column":68}},"137":{"start":{"line":503,"column":4},"end":{"line":503,"column":57}},"138":{"start":{"line":507,"column":26},"end":{"line":526,"column":37}},"139":{"start":{"line":508,"column":25},"end":{"line":508,"column":42}},"140":{"start":{"line":509,"column":4},"end":{"line":509,"column":30}},"141":{"start":{"line":509,"column":23},"end":{"line":509,"column":30}},"142":{"start":{"line":511,"column":4},"end":{"line":511,"column":57}},"143":{"start":{"line":514,"column":4},"end":{"line":525,"column":10}},"144":{"start":{"line":515,"column":6},"end":{"line":524,"column":9}},"145":{"start":{"line":517,"column":27},"end":{"line":517,"column":59}},"146":{"start":{"line":517,"column":52},"end":{"line":517,"column":58}},"147":{"start":{"line":518,"column":27},"end":{"line":518,"column":78}},"148":{"start":{"line":520,"column":8},"end":{"line":523,"column":10}},"149":{"start":{"line":529,"column":26},"end":{"line":535,"column":23}},"150":{"start":{"line":530,"column":25},"end":{"line":530,"column":42}},"151":{"start":{"line":531,"column":4},"end":{"line":531,"column":30}},"152":{"start":{"line":531,"column":23},"end":{"line":531,"column":30}},"153":{"start":{"line":533,"column":4},"end":{"line":533,"column":41}},"154":{"start":{"line":534,"column":4},"end":{"line":534,"column":61}},"155":{"start":{"line":538,"column":20},"end":{"line":549,"column":23}},"156":{"start":{"line":539,"column":25},"end":{"line":539,"column":42}},"157":{"start":{"line":540,"column":4},"end":{"line":540,"column":30}},"158":{"start":{"line":540,"column":23},"end":{"line":540,"column":30}},"159":{"start":{"line":543,"column":4},"end":{"line":543,"column":46}},"160":{"start":{"line":545,"column":4},"end":{"line":548,"column":7}},"161":{"start":{"line":552,"column":23},"end":{"line":557,"column":8}},"162":{"start":{"line":553,"column":4},"end":{"line":556,"column":7}},"163":{"start":{"line":560,"column":23},"end":{"line":565,"column":8}},"164":{"start":{"line":561,"column":4},"end":{"line":564,"column":7}},"165":{"start":{"line":568,"column":20},"end":{"line":573,"column":8}},"166":{"start":{"line":569,"column":4},"end":{"line":572,"column":7}},"167":{"start":{"line":576,"column":23},"end":{"line":581,"column":8}},"168":{"start":{"line":577,"column":4},"end":{"line":580,"column":7}},"169":{"start":{"line":584,"column":23},"end":{"line":589,"column":8}},"170":{"start":{"line":585,"column":4},"end":{"line":588,"column":7}},"171":{"start":{"line":592,"column":24},"end":{"line":728,"column":45}},"172":{"start":{"line":593,"column":25},"end":{"line":593,"column":42}},"173":{"start":{"line":594,"column":4},"end":{"line":594,"column":33}},"174":{"start":{"line":594,"column":23},"end":{"line":594,"column":33}},"175":{"start":{"line":596,"column":4},"end":{"line":727,"column":5}},"176":{"start":{"line":597,"column":6},"end":{"line":597,"column":51}},"177":{"start":{"line":602,"column":6},"end":{"line":672,"column":7}},"178":{"start":{"line":603,"column":8},"end":{"line":603,"column":42}},"179":{"start":{"line":606,"column":8},"end":{"line":667,"column":9}},"180":{"start":{"line":607,"column":10},"end":{"line":607,"column":56}},"181":{"start":{"line":610,"column":10},"end":{"line":620,"column":11}},"182":{"start":{"line":611,"column":32},"end":{"line":611,"column":58}},"183":{"start":{"line":612,"column":29},"end":{"line":612,"column":59}},"184":{"start":{"line":613,"column":32},"end":{"line":613,"column":47}},"185":{"start":{"line":615,"column":12},"end":{"line":615,"column":82}},"186":{"start":{"line":616,"column":12},"end":{"line":616,"column":74}},"187":{"start":{"line":618,"column":12},"end":{"line":618,"column":55}},"188":{"start":{"line":619,"column":12},"end":{"line":619,"column":102}},"189":{"start":{"line":623,"column":10},"end":{"line":623,"column":61}},"190":{"start":{"line":625,"column":28},"end":{"line":625,"column":59}},"191":{"start":{"line":626,"column":10},"end":{"line":626,"column":34}},"192":{"start":{"line":627,"column":10},"end":{"line":627,"column":39}},"193":{"start":{"line":630,"column":30},"end":{"line":646,"column":12}},"194":{"start":{"line":631,"column":12},"end":{"line":638,"column":14}},"195":{"start":{"line":632,"column":29},"end":{"line":632,"column":68}},"196":{"start":{"line":633,"column":14},"end":{"line":637,"column":15}},"197":{"start":{"line":634,"column":16},"end":{"line":634,"column":34}},"198":{"start":{"line":636,"column":16},"end":{"line":636,"column":53}},"199":{"start":{"line":641,"column":12},"end":{"line":645,"column":22}},"200":{"start":{"line":642,"column":14},"end":{"line":644,"column":15}},"201":{"start":{"line":643,"column":16},"end":{"line":643,"column":56}},"202":{"start":{"line":649,"column":10},"end":{"line":649,"column":28}},"203":{"start":{"line":652,"column":10},"end":{"line":652,"column":39}},"204":{"start":{"line":653,"column":23},"end":{"line":653,"column":40}},"205":{"start":{"line":654,"column":10},"end":{"line":654,"column":68}},"206":{"start":{"line":657,"column":10},"end":{"line":659,"column":11}},"207":{"start":{"line":658,"column":12},"end":{"line":658,"column":29}},"208":{"start":{"line":662,"column":30},"end":{"line":662,"column":54}},"209":{"start":{"line":663,"column":10},"end":{"line":663,"column":80}},"210":{"start":{"line":666,"column":10},"end":{"line":666,"column":72}},"211":{"start":{"line":670,"column":8},"end":{"line":670,"column":44}},"212":{"start":{"line":671,"column":8},"end":{"line":671,"column":60}},"213":{"start":{"line":674,"column":6},"end":{"line":674,"column":113}},"214":{"start":{"line":677,"column":22},"end":{"line":677,"column":30}},"215":{"start":{"line":678,"column":6},"end":{"line":678,"column":41}},"216":{"start":{"line":681,"column":6},"end":{"line":681,"column":36}},"217":{"start":{"line":682,"column":27},"end":{"line":682,"column":79}},"218":{"start":{"line":685,"column":35},"end":{"line":700,"column":8}},"219":{"start":{"line":703,"column":6},"end":{"line":703,"column":32}},"220":{"start":{"line":704,"column":6},"end":{"line":704,"column":40}},"221":{"start":{"line":707,"column":6},"end":{"line":707,"column":34}},"222":{"start":{"line":708,"column":6},"end":{"line":708,"column":57}},"223":{"start":{"line":711,"column":6},"end":{"line":720,"column":7}},"224":{"start":{"line":712,"column":8},"end":{"line":719,"column":11}},"225":{"start":{"line":722,"column":6},"end":{"line":722,"column":96}},"226":{"start":{"line":723,"column":6},"end":{"line":723,"column":21}},"227":{"start":{"line":725,"column":6},"end":{"line":725,"column":49}},"228":{"start":{"line":726,"column":6},"end":{"line":726,"column":16}},"229":{"start":{"line":731,"column":15},"end":{"line":765,"column":89}},"230":{"start":{"line":732,"column":25},"end":{"line":732,"column":42}},"231":{"start":{"line":733,"column":4},"end":{"line":736,"column":5}},"232":{"start":{"line":734,"column":6},"end":{"line":734,"column":50}},"233":{"start":{"line":735,"column":6},"end":{"line":735,"column":13}},"234":{"start":{"line":738,"column":4},"end":{"line":738,"column":64}},"235":{"start":{"line":741,"column":4},"end":{"line":748,"column":5}},"236":{"start":{"line":742,"column":6},"end":{"line":742,"column":38}},"237":{"start":{"line":743,"column":6},"end":{"line":743,"column":36}},"238":{"start":{"line":745,"column":6},"end":{"line":745,"column":33}},"239":{"start":{"line":747,"column":6},"end":{"line":747,"column":13}},"240":{"start":{"line":751,"column":4},"end":{"line":751,"column":53}},"241":{"start":{"line":754,"column":4},"end":{"line":764,"column":5}},"242":{"start":{"line":755,"column":6},"end":{"line":755,"column":65}},"243":{"start":{"line":756,"column":6},"end":{"line":761,"column":9}},"244":{"start":{"line":757,"column":8},"end":{"line":757,"column":44}},"245":{"start":{"line":758,"column":8},"end":{"line":758,"column":24}},"246":{"start":{"line":760,"column":8},"end":{"line":760,"column":54}},"247":{"start":{"line":763,"column":6},"end":{"line":763,"column":22}},"248":{"start":{"line":768,"column":24},"end":{"line":836,"column":134}},"249":{"start":{"line":769,"column":25},"end":{"line":769,"column":42}},"250":{"start":{"line":770,"column":4},"end":{"line":773,"column":5}},"251":{"start":{"line":771,"column":6},"end":{"line":771,"column":65}},"252":{"start":{"line":772,"column":6},"end":{"line":772,"column":13}},"253":{"start":{"line":776,"column":4},"end":{"line":781,"column":7}},"254":{"start":{"line":784,"column":4},"end":{"line":784,"column":31}},"255":{"start":{"line":787,"column":4},"end":{"line":787,"column":50}},"256":{"start":{"line":790,"column":4},"end":{"line":792,"column":5}},"257":{"start":{"line":791,"column":6},"end":{"line":791,"column":48}},"258":{"start":{"line":795,"column":4},"end":{"line":835,"column":11}},"259":{"start":{"line":796,"column":35},"end":{"line":796,"column":52}},"260":{"start":{"line":797,"column":6},"end":{"line":834,"column":7}},"261":{"start":{"line":798,"column":8},"end":{"line":833,"column":9}},"262":{"start":{"line":799,"column":26},"end":{"line":799,"column":63}},"263":{"start":{"line":802,"column":10},"end":{"line":804,"column":11}},"264":{"start":{"line":803,"column":12},"end":{"line":803,"column":95}},"265":{"start":{"line":807,"column":10},"end":{"line":809,"column":11}},"266":{"start":{"line":808,"column":12},"end":{"line":808,"column":94}},"267":{"start":{"line":812,"column":10},"end":{"line":812,"column":67}},"268":{"start":{"line":815,"column":10},"end":{"line":818,"column":11}},"269":{"start":{"line":816,"column":12},"end":{"line":816,"column":65}},"270":{"start":{"line":817,"column":12},"end":{"line":817,"column":78}},"271":{"start":{"line":822,"column":10},"end":{"line":830,"column":11}},"272":{"start":{"line":823,"column":12},"end":{"line":823,"column":104}},"273":{"start":{"line":824,"column":12},"end":{"line":827,"column":13}},"274":{"start":{"line":825,"column":14},"end":{"line":825,"column":56}},"275":{"start":{"line":826,"column":14},"end":{"line":826,"column":48}},"276":{"start":{"line":828,"column":12},"end":{"line":828,"column":49}},"277":{"start":{"line":829,"column":12},"end":{"line":829,"column":39}},"278":{"start":{"line":832,"column":10},"end":{"line":832,"column":48}},"279":{"start":{"line":839,"column":16},"end":{"line":851,"column":40}},"280":{"start":{"line":840,"column":25},"end":{"line":840,"column":42}},"281":{"start":{"line":841,"column":4},"end":{"line":841,"column":50}},"282":{"start":{"line":841,"column":43},"end":{"line":841,"column":50}},"283":{"start":{"line":843,"column":4},"end":{"line":843,"column":33}},"284":{"start":{"line":845,"column":4},"end":{"line":848,"column":5}},"285":{"start":{"line":846,"column":6},"end":{"line":846,"column":48}},"286":{"start":{"line":847,"column":6},"end":{"line":847,"column":40}},"287":{"start":{"line":850,"column":4},"end":{"line":850,"column":32}},"288":{"start":{"line":854,"column":15},"end":{"line":867,"column":23}},"289":{"start":{"line":855,"column":25},"end":{"line":855,"column":42}},"290":{"start":{"line":856,"column":4},"end":{"line":856,"column":30}},"291":{"start":{"line":856,"column":23},"end":{"line":856,"column":30}},"292":{"start":{"line":858,"column":4},"end":{"line":858,"column":33}},"293":{"start":{"line":860,"column":4},"end":{"line":863,"column":5}},"294":{"start":{"line":861,"column":6},"end":{"line":861,"column":48}},"295":{"start":{"line":862,"column":6},"end":{"line":862,"column":40}},"296":{"start":{"line":865,"column":4},"end":{"line":865,"column":55}},"297":{"start":{"line":866,"column":4},"end":{"line":866,"column":31}},"298":{"start":{"line":870,"column":27},"end":{"line":872,"column":8}},"299":{"start":{"line":871,"column":4},"end":{"line":871,"column":57}},"300":{"start":{"line":875,"column":18},"end":{"line":880,"column":8}},"301":{"start":{"line":876,"column":4},"end":{"line":879,"column":7}},"302":{"start":{"line":883,"column":25},"end":{"line":885,"column":8}},"303":{"start":{"line":884,"column":4},"end":{"line":884,"column":58}},"304":{"start":{"line":888,"column":22},"end":{"line":900,"column":23}},"305":{"start":{"line":889,"column":25},"end":{"line":889,"column":42}},"306":{"start":{"line":890,"column":4},"end":{"line":892,"column":5}},"307":{"start":{"line":891,"column":6},"end":{"line":891,"column":47}},"308":{"start":{"line":894,"column":4},"end":{"line":899,"column":5}},"309":{"start":{"line":895,"column":6},"end":{"line":895,"column":77}},"310":{"start":{"line":897,"column":6},"end":{"line":897,"column":45}},"311":{"start":{"line":898,"column":6},"end":{"line":898,"column":18}},"312":{"start":{"line":902,"column":2},"end":{"line":932,"column":4}},"313":{"start":{"line":306,"column":13},"end":{"line":306,"column":35}},"314":{"start":{"line":936,"column":30},"end":{"line":942,"column":1}},"315":{"start":{"line":937,"column":18},"end":{"line":937,"column":48}},"316":{"start":{"line":938,"column":2},"end":{"line":940,"column":3}},"317":{"start":{"line":939,"column":4},"end":{"line":939,"column":81}},"318":{"start":{"line":941,"column":2},"end":{"line":941,"column":17}},"319":{"start":{"line":936,"column":13},"end":{"line":936,"column":30}}},"fnMap":{"0":{"name":"(anonymous_0)","decl":{"start":{"line":33,"column":16},"end":{"line":33,"column":17}},"loc":{"start":{"line":33,"column":89},"end":{"line":252,"column":1}}},"1":{"name":"(anonymous_1)","decl":{"start":{"line":47,"column":36},"end":{"line":47,"column":41}},"loc":{"start":{"line":47,"column":45},"end":{"line":47,"column":72}}},"2":{"name":"(anonymous_2)","decl":{"start":{"line":54,"column":33},"end":{"line":54,"column":38}},"loc":{"start":{"line":55,"column":10},"end":{"line":57,"column":19}}},"3":{"name":"(anonymous_3)","decl":{"start":{"line":63,"column":24},"end":{"line":63,"column":25}},"loc":{"start":{"line":63,"column":29},"end":{"line":63,"column":55}}},"4":{"name":"(anonymous_4)","decl":{"start":{"line":64,"column":21},"end":{"line":64,"column":22}},"loc":{"start":{"line":64,"column":26},"end":{"line":64,"column":41}}},"5":{"name":"(anonymous_5)","decl":{"start":{"line":73,"column":33},"end":{"line":73,"column":38}},"loc":{"start":{"line":74,"column":10},"end":{"line":76,"column":19}}},"6":{"name":"(anonymous_6)","decl":{"start":{"line":83,"column":33},"end":{"line":83,"column":38}},"loc":{"start":{"line":84,"column":10},"end":{"line":86,"column":19}}},"7":{"name":"(anonymous_7)","decl":{"start":{"line":93,"column":33},"end":{"line":93,"column":38}},"loc":{"start":{"line":94,"column":10},"end":{"line":96,"column":19}}},"8":{"name":"(anonymous_8)","decl":{"start":{"line":104,"column":33},"end":{"line":104,"column":38}},"loc":{"start":{"line":104,"column":43},"end":{"line":107,"column":10}}},"9":{"name":"(anonymous_9)","decl":{"start":{"line":166,"column":33},"end":{"line":166,"column":38}},"loc":{"start":{"line":167,"column":10},"end":{"line":172,"column":19}}},"10":{"name":"(anonymous_10)","decl":{"start":{"line":179,"column":33},"end":{"line":179,"column":38}},"loc":{"start":{"line":180,"column":10},"end":{"line":185,"column":19}}},"11":{"name":"(anonymous_11)","decl":{"start":{"line":183,"column":46},"end":{"line":183,"column":47}},"loc":{"start":{"line":183,"column":51},"end":{"line":183,"column":83}}},"12":{"name":"(anonymous_12)","decl":{"start":{"line":192,"column":33},"end":{"line":192,"column":38}},"loc":{"start":{"line":193,"column":10},"end":{"line":202,"column":19}}},"13":{"name":"(anonymous_13)","decl":{"start":{"line":196,"column":43},"end":{"line":196,"column":49}},"loc":{"start":{"line":197,"column":18},"end":{"line":199,"column":28}}},"14":{"name":"(anonymous_14)","decl":{"start":{"line":209,"column":33},"end":{"line":209,"column":38}},"loc":{"start":{"line":210,"column":10},"end":{"line":215,"column":19}}},"15":{"name":"(anonymous_15)","decl":{"start":{"line":222,"column":33},"end":{"line":222,"column":38}},"loc":{"start":{"line":223,"column":10},"end":{"line":228,"column":19}}},"16":{"name":"(anonymous_16)","decl":{"start":{"line":226,"column":46},"end":{"line":226,"column":47}},"loc":{"start":{"line":226,"column":51},"end":{"line":226,"column":83}}},"17":{"name":"(anonymous_17)","decl":{"start":{"line":235,"column":33},"end":{"line":235,"column":38}},"loc":{"start":{"line":236,"column":10},"end":{"line":245,"column":19}}},"18":{"name":"(anonymous_18)","decl":{"start":{"line":239,"column":43},"end":{"line":239,"column":49}},"loc":{"start":{"line":240,"column":18},"end":{"line":242,"column":28}}},"19":{"name":"(anonymous_19)","decl":{"start":{"line":281,"column":12},"end":{"line":281,"column":15}},"loc":{"start":{"line":281,"column":18},"end":{"line":281,"column":22}}},"20":{"name":"(anonymous_20)","decl":{"start":{"line":282,"column":12},"end":{"line":282,"column":17}},"loc":{"start":{"line":282,"column":24},"end":{"line":282,"column":26}}},"21":{"name":"(anonymous_21)","decl":{"start":{"line":283,"column":15},"end":{"line":283,"column":18}},"loc":{"start":{"line":283,"column":20},"end":{"line":283,"column":23}}},"22":{"name":"(anonymous_22)","decl":{"start":{"line":284,"column":15},"end":{"line":284,"column":18}},"loc":{"start":{"line":284,"column":20},"end":{"line":284,"column":23}}},"23":{"name":"(anonymous_23)","decl":{"start":{"line":285,"column":18},"end":{"line":285,"column":21}},"loc":{"start":{"line":285,"column":23},"end":{"line":285,"column":26}}},"24":{"name":"(anonymous_24)","decl":{"start":{"line":286,"column":19},"end":{"line":286,"column":22}},"loc":{"start":{"line":286,"column":24},"end":{"line":286,"column":27}}},"25":{"name":"(anonymous_25)","decl":{"start":{"line":287,"column":19},"end":{"line":287,"column":22}},"loc":{"start":{"line":287,"column":24},"end":{"line":287,"column":27}}},"26":{"name":"(anonymous_26)","decl":{"start":{"line":288,"column":19},"end":{"line":288,"column":22}},"loc":{"start":{"line":288,"column":24},"end":{"line":288,"column":27}}},"27":{"name":"(anonymous_27)","decl":{"start":{"line":289,"column":13},"end":{"line":289,"column":16}},"loc":{"start":{"line":289,"column":18},"end":{"line":289,"column":21}}},"28":{"name":"(anonymous_28)","decl":{"start":{"line":290,"column":16},"end":{"line":290,"column":19}},"loc":{"start":{"line":290,"column":21},"end":{"line":290,"column":24}}},"29":{"name":"(anonymous_29)","decl":{"start":{"line":291,"column":16},"end":{"line":291,"column":19}},"loc":{"start":{"line":291,"column":21},"end":{"line":291,"column":24}}},"30":{"name":"(anonymous_30)","decl":{"start":{"line":292,"column":13},"end":{"line":292,"column":16}},"loc":{"start":{"line":292,"column":18},"end":{"line":292,"column":21}}},"31":{"name":"(anonymous_31)","decl":{"start":{"line":293,"column":16},"end":{"line":293,"column":19}},"loc":{"start":{"line":293,"column":21},"end":{"line":293,"column":24}}},"32":{"name":"(anonymous_32)","decl":{"start":{"line":294,"column":16},"end":{"line":294,"column":19}},"loc":{"start":{"line":294,"column":21},"end":{"line":294,"column":24}}},"33":{"name":"(anonymous_33)","decl":{"start":{"line":295,"column":11},"end":{"line":295,"column":14}},"loc":{"start":{"line":295,"column":16},"end":{"line":295,"column":19}}},"34":{"name":"(anonymous_34)","decl":{"start":{"line":296,"column":18},"end":{"line":296,"column":21}},"loc":{"start":{"line":296,"column":23},"end":{"line":296,"column":26}}},"35":{"name":"(anonymous_35)","decl":{"start":{"line":297,"column":8},"end":{"line":297,"column":11}},"loc":{"start":{"line":297,"column":13},"end":{"line":297,"column":16}}},"36":{"name":"(anonymous_36)","decl":{"start":{"line":298,"column":9},"end":{"line":298,"column":12}},"loc":{"start":{"line":298,"column":14},"end":{"line":298,"column":17}}},"37":{"name":"(anonymous_37)","decl":{"start":{"line":299,"column":8},"end":{"line":299,"column":11}},"loc":{"start":{"line":299,"column":13},"end":{"line":299,"column":16}}},"38":{"name":"(anonymous_38)","decl":{"start":{"line":300,"column":20},"end":{"line":300,"column":23}},"loc":{"start":{"line":300,"column":25},"end":{"line":300,"column":28}}},"39":{"name":"(anonymous_39)","decl":{"start":{"line":301,"column":17},"end":{"line":301,"column":22}},"loc":{"start":{"line":301,"column":29},"end":{"line":301,"column":31}}},"40":{"name":"(anonymous_40)","decl":{"start":{"line":302,"column":15},"end":{"line":302,"column":20}},"loc":{"start":{"line":302,"column":27},"end":{"line":302,"column":37}}},"41":{"name":"(anonymous_41)","decl":{"start":{"line":306,"column":35},"end":{"line":306,"column":36}},"loc":{"start":{"line":306,"column":77},"end":{"line":933,"column":1}}},"42":{"name":"(anonymous_42)","decl":{"start":{"line":314,"column":12},"end":{"line":314,"column":15}},"loc":{"start":{"line":314,"column":17},"end":{"line":394,"column":3}}},"43":{"name":"(anonymous_43)","decl":{"start":{"line":336,"column":33},"end":{"line":336,"column":36}},"loc":{"start":{"line":336,"column":38},"end":{"line":345,"column":7}}},"44":{"name":"(anonymous_44)","decl":{"start":{"line":339,"column":61},"end":{"line":339,"column":64}},"loc":{"start":{"line":339,"column":66},"end":{"line":341,"column":11}}},"45":{"name":"(anonymous_45)","decl":{"start":{"line":341,"column":19},"end":{"line":341,"column":22}},"loc":{"start":{"line":341,"column":25},"end":{"line":343,"column":11}}},"46":{"name":"(anonymous_46)","decl":{"start":{"line":349,"column":32},"end":{"line":349,"column":41}},"loc":{"start":{"line":349,"column":44},"end":{"line":351,"column":7}}},"47":{"name":"(anonymous_47)","decl":{"start":{"line":356,"column":13},"end":{"line":356,"column":16}},"loc":{"start":{"line":356,"column":18},"end":{"line":390,"column":7}}},"48":{"name":"(anonymous_48)","decl":{"start":{"line":360,"column":34},"end":{"line":360,"column":43}},"loc":{"start":{"line":360,"column":46},"end":{"line":362,"column":9}}},"49":{"name":"(anonymous_49)","decl":{"start":{"line":379,"column":62},"end":{"line":379,"column":65}},"loc":{"start":{"line":379,"column":67},"end":{"line":381,"column":13}}},"50":{"name":"(anonymous_50)","decl":{"start":{"line":381,"column":21},"end":{"line":381,"column":24}},"loc":{"start":{"line":381,"column":27},"end":{"line":383,"column":13}}},"51":{"name":"(anonymous_51)","decl":{"start":{"line":397,"column":38},"end":{"line":397,"column":41}},"loc":{"start":{"line":397,"column":43},"end":{"line":399,"column":3}}},"52":{"name":"(anonymous_52)","decl":{"start":{"line":425,"column":31},"end":{"line":425,"column":36}},"loc":{"start":{"line":425,"column":76},"end":{"line":445,"column":3}}},"53":{"name":"(anonymous_53)","decl":{"start":{"line":448,"column":34},"end":{"line":448,"column":35}},"loc":{"start":{"line":448,"column":49},"end":{"line":454,"column":3}}},"54":{"name":"(anonymous_54)","decl":{"start":{"line":457,"column":34},"end":{"line":457,"column":35}},"loc":{"start":{"line":457,"column":79},"end":{"line":478,"column":3}}},"55":{"name":"(anonymous_55)","decl":{"start":{"line":481,"column":37},"end":{"line":481,"column":38}},"loc":{"start":{"line":481,"column":68},"end":{"line":490,"column":3}}},"56":{"name":"(anonymous_56)","decl":{"start":{"line":493,"column":38},"end":{"line":493,"column":39}},"loc":{"start":{"line":493,"column":53},"end":{"line":504,"column":3}}},"57":{"name":"(anonymous_57)","decl":{"start":{"line":494,"column":36},"end":{"line":494,"column":37}},"loc":{"start":{"line":494,"column":41},"end":{"line":494,"column":52}}},"58":{"name":"(anonymous_58)","decl":{"start":{"line":507,"column":38},"end":{"line":507,"column":39}},"loc":{"start":{"line":507,"column":53},"end":{"line":526,"column":3}}},"59":{"name":"(anonymous_59)","decl":{"start":{"line":514,"column":15},"end":{"line":514,"column":18}},"loc":{"start":{"line":514,"column":20},"end":{"line":525,"column":5}}},"60":{"name":"(anonymous_60)","decl":{"start":{"line":515,"column":27},"end":{"line":515,"column":32}},"loc":{"start":{"line":515,"column":35},"end":{"line":524,"column":7}}},"61":{"name":"(anonymous_61)","decl":{"start":{"line":517,"column":47},"end":{"line":517,"column":48}},"loc":{"start":{"line":517,"column":52},"end":{"line":517,"column":58}}},"62":{"name":"(anonymous_62)","decl":{"start":{"line":529,"column":38},"end":{"line":529,"column":39}},"loc":{"start":{"line":529,"column":57},"end":{"line":535,"column":3}}},"63":{"name":"(anonymous_63)","decl":{"start":{"line":538,"column":32},"end":{"line":538,"column":33}},"loc":{"start":{"line":538,"column":73},"end":{"line":549,"column":3}}},"64":{"name":"(anonymous_64)","decl":{"start":{"line":552,"column":35},"end":{"line":552,"column":36}},"loc":{"start":{"line":552,"column":73},"end":{"line":557,"column":3}}},"65":{"name":"(anonymous_65)","decl":{"start":{"line":560,"column":35},"end":{"line":560,"column":36}},"loc":{"start":{"line":560,"column":104},"end":{"line":565,"column":3}}},"66":{"name":"(anonymous_66)","decl":{"start":{"line":568,"column":32},"end":{"line":568,"column":33}},"loc":{"start":{"line":568,"column":73},"end":{"line":573,"column":3}}},"67":{"name":"(anonymous_67)","decl":{"start":{"line":576,"column":35},"end":{"line":576,"column":36}},"loc":{"start":{"line":576,"column":73},"end":{"line":581,"column":3}}},"68":{"name":"(anonymous_68)","decl":{"start":{"line":584,"column":35},"end":{"line":584,"column":36}},"loc":{"start":{"line":584,"column":104},"end":{"line":589,"column":3}}},"69":{"name":"(anonymous_69)","decl":{"start":{"line":592,"column":36},"end":{"line":592,"column":41}},"loc":{"start":{"line":592,"column":89},"end":{"line":728,"column":3}}},"70":{"name":"(anonymous_70)","decl":{"start":{"line":630,"column":48},"end":{"line":630,"column":49}},"loc":{"start":{"line":630,"column":68},"end":{"line":646,"column":11}}},"71":{"name":"(anonymous_71)","decl":{"start":{"line":631,"column":33},"end":{"line":631,"column":34}},"loc":{"start":{"line":631,"column":43},"end":{"line":638,"column":13}}},"72":{"name":"(anonymous_72)","decl":{"start":{"line":641,"column":23},"end":{"line":641,"column":26}},"loc":{"start":{"line":641,"column":28},"end":{"line":645,"column":13}}},"73":{"name":"(anonymous_73)","decl":{"start":{"line":731,"column":27},"end":{"line":731,"column":30}},"loc":{"start":{"line":731,"column":32},"end":{"line":765,"column":3}}},"74":{"name":"(anonymous_74)","decl":{"start":{"line":756,"column":46},"end":{"line":756,"column":49}},"loc":{"start":{"line":756,"column":51},"end":{"line":759,"column":7}}},"75":{"name":"(anonymous_75)","decl":{"start":{"line":759,"column":15},"end":{"line":759,"column":18}},"loc":{"start":{"line":759,"column":21},"end":{"line":761,"column":7}}},"76":{"name":"(anonymous_76)","decl":{"start":{"line":768,"column":36},"end":{"line":768,"column":39}},"loc":{"start":{"line":768,"column":41},"end":{"line":836,"column":3}}},"77":{"name":"(anonymous_77)","decl":{"start":{"line":795,"column":52},"end":{"line":795,"column":55}},"loc":{"start":{"line":795,"column":57},"end":{"line":835,"column":5}}},"78":{"name":"(anonymous_78)","decl":{"start":{"line":839,"column":28},"end":{"line":839,"column":31}},"loc":{"start":{"line":839,"column":33},"end":{"line":851,"column":3}}},"79":{"name":"(anonymous_79)","decl":{"start":{"line":854,"column":27},"end":{"line":854,"column":30}},"loc":{"start":{"line":854,"column":32},"end":{"line":867,"column":3}}},"80":{"name":"(anonymous_80)","decl":{"start":{"line":870,"column":39},"end":{"line":870,"column":40}},"loc":{"start":{"line":870,"column":66},"end":{"line":872,"column":3}}},"81":{"name":"(anonymous_81)","decl":{"start":{"line":875,"column":30},"end":{"line":875,"column":31}},"loc":{"start":{"line":875,"column":79},"end":{"line":880,"column":3}}},"82":{"name":"(anonymous_82)","decl":{"start":{"line":883,"column":37},"end":{"line":883,"column":38}},"loc":{"start":{"line":883,"column":54},"end":{"line":885,"column":3}}},"83":{"name":"(anonymous_83)","decl":{"start":{"line":888,"column":34},"end":{"line":888,"column":39}},"loc":{"start":{"line":888,"column":131},"end":{"line":900,"column":3}}},"84":{"name":"(anonymous_84)","decl":{"st
[...]
1},"end":{"line":1082,"column":5}}]},"89":{"loc":{"start":{"line":1075,"column":6},"end":{"line":1077,"column":7}},"type":"if","locations":[{"start":{"line":1075,"column":6},"end":{"line":1077,"column":7}}]},"90":{"loc":{"start":{"line":1105,"column":4},"end":{"line":1108,"column":5}},"type":"if","locations":[{"start":{"line":1105,"column":4},"end":{"line":1108,"column":5}}]},"91":{"loc":{"start":{"line":1116,"column":6},"end":{"line":1118,"column":7}},"type":"if","locations":[{"start":{"line":1116,"column":6},"end":{"line":1118,"column":7}}]},"92":{"loc":{"start":{"line":1131,"column":4},"end":{"line":1134,"column":5}},"type":"if","locations":[{"start":{"line":1131,"column":4},"end":{"line":1134,"column":5}}]},"93":{"loc":{"start":{"line":1151,"column":4},"end":{"line":1151,"column":27}},"type":"if","locations":[{"start":{"line":1151,"column":4},"end":{"line":1151,"column":27}}]},"94":{"loc":{"start":{"line":1154,"column":4},"end":{"line":1161,"column":5}},"type":"if","locations":[{"start":{"line":1154,"column":4},"end":{"line":1161,"column":5}}]},"95":{"loc":{"start":{"line":1196,"column":4},"end":{"line":1198,"column":5}},"type":"if","locations":[{"start":{"line":1196,"column":4},"end":{"line":1198,"column":5}}]},"96":{"loc":{"start":{"line":1210,"column":4},"end":{"line":1210,"column":32}},"type":"if","locations":[{"start":{"line":1210,"column":4},"end":{"line":1210,"column":32}}]},"97":{"loc":{"start":{"line":1226,"column":44},"end":{"line":1226,"column":65}},"type":"default-arg","locations":[{"start":{"line":1226,"column":64},"end":{"line":1226,"column":65}}]},"98":{"loc":{"start":{"line":1226,"column":85},"end":{"line":1226,"column":115}},"type":"default-arg","locations":[{"start":{"line":1226,"column":110},"end":{"line":1226,"column":115}}]},"99":{"loc":{"start":{"line":1231,"column":4},"end":{"line":1233,"column":5}},"type":"if","locations":[{"start":{"line":1231,"column":4},"end":{"line":1233,"column":5}}]},"100":{"loc":{"start":{"line":1231,"column":8},"end":{"line":1231,"column":75}},"type":"binary-expr","locations":[{"start":{"line":1231,"column":8},"end":{"line":1231,"column":18}},{"start":{"line":1231,"column":22},"end":{"line":1231,"column":43}},{"start":{"line":1231,"column":47},"end":{"line":1231,"column":75}}]},"101":{"loc":{"start":{"line":1311,"column":30},"end":{"line":1311,"column":76}},"type":"cond-expr","locations":[{"start":{"line":1311,"column":43},"end":{"line":1311,"column":58}},{"start":{"line":1311,"column":61},"end":{"line":1311,"column":76}}]}},"s":{"0":0,"1":0,"2":0,"3":0,"4":0,"5":0,"6":0,"7":0,"8":0,"9":0,"10":0,"11":0,"12":0,"13":0,"14":0,"15":0,"16":0,"17":0,"18":0,"19":0,"20":0,"21":0,"22":0,"23":0,"24":0,"25":0,"26":0,"27":0,"28":0,"29":0,"30":0,"31":0,"32":0,"33":0,"34":0,"35":0,"36":0,"37":0,"38":0,"39":0,"40":0,"41":0,"42":0,"43":0,"44":0,"45":0,"46":0,"47":0,"48":0,"49":0,"50":0,"51":0,"52":0,"53":0,"54":0,"55":0,"56":0,"57":0,"58":0,"59":0,"60":0,"61":0,"62":0,"63":0,"64":0,"65":0,"66":0,"67":0,"68":0,"69":0,"70":0,"71":0,"72":0,"73":0,"74":0,"75":0,"76":0,"77":0,"78":0,"79":0,"80":0,"81":0,"82":0,"83":0,"84":0,"85":0,"86":0,"87":0,"88":0,"89":0,"90":0,"91":0,"92":0,"93":0,"94":0,"95":0,"96":0,"97":0,"98":0,"99":0,"100":0,"101":0,"102":0,"103":0,"104":0,"105":0,"106":0,"107":0,"108":0,"109":0,"110":0,"111":0,"112":0,"113":0,"114":0,"115":0,"116":0,"117":0,"118":0,"119":0,"120":0,"121":0,"122":0,"123":0,"124":0,"125":0,"126":0,"127":0,"128":0,"129":0,"130":0,"131":0,"132":0,"133":0,"134":0,"135":0,"136":0,"137":0,"138":0,"139":0,"140":0,"141":0,"142":0,"143":0,"144":0,"145":0,"146":0,"147":0,"148":0,"149":0,"150":0,"151":0,"152":0,"153":0,"154":0,"155":0,"156":0,"157":0,"158":0,"159":0,"160":0,"161":0,"162":0,"163":0,"164":0,"165":0,"166":0,"167":0,"168":0,"169":0,"170":0,"171":0,"172":0,"173":0,"174":0,"175":0,"176":0,"177":0,"178":0,"179":0,"180":0,"181":0,"182":0,"183":0,"184":0,"185":0,"186":0,"187":0,"188":0,"189":0,"190":0,"191":0,"192":0,"193":0,"194":0,"195":0,"196":0,"197":0,"198":0,"199":0,"200":0,"201":0,"202":0,"203":0,"204":0,"205":0,"206":0,"207":0,"208":0,"209":0,"210":0,"211":0,"212":0,"213":0,"214":0,"215":0,"216":0,"217":0,"218":0,"219":0,"220":0,"221":0,"222":0,"223":0,"224":0,"225":0,"226":0,"227":0,"228":0,"229":0,"230":0,"231":0,"232":0,"233":0,"234":0,"235":0,"236":0,"237":0,"238":0,"239":0,"240":0,"241":0,"242":0,"243":0,"244":0,"245":0,"246":0,"247":0,"248":0,"249":0,"250":0,"251":0,"252":0,"253":0,"254":0,"255":0,"256":0,"257":0,"258":0,"259":0,"260":0,"261":0,"262":0,"263":0,"264":0,"265":0,"266":0,"267":0,"268":0,"269":0,"270":0,"271":0,"272":0,"273":0,"274":0,"275":0,"276":0,"277":0,"278":0,"279":0,"280":0,"281":0,"282":0,"283":0,"284":0,"285":0,"286":0,"287":0,"288":0,"289":0,"290":0,"291":0,"292":0,"293":0,"294":0,"295":0,"296":0,"297":0,"298":0,"299":0,"300":0,"301":0,"302":0,"303":0,"304":0,"305":0,"306":0,"307":0,"308":0,"309":0,"310":0,"311":0,"312":0,"313":0,"314":0,"315":0,"316":0,"317":0,"318":0,"319":0,"320":0,"321":0,"322":0,"323":0,"324":0,"325":0,"326":0,"327":0,"328":0,"329":0,"330":0,"331":0,"332":0,"333":0,"334":0,"335":0,"336":0,"337":0,"338":0,"339":0,"340":0,"341":0,"342":0,"343":0,"344":0,"345":0,"346":0,"347":0,"348":0,"349":0,"350":0,"351":0,"352":0,"353":0,"354":0,"355":0,"356":0,"357":0,"358":0,"359":0,"360":0,"361":0,"362":0,"363":0,"364":0,"365":0,"366":0,"367":0,"368":0,"369":0,"370":0,"371":0,"372":0,"373":0,"374":0,"375":0,"376":0,"377":0,"378":0,"379":0,"380":0,"381":0,"382":0,"383":0,"384":0,"385":0,"386":0,"387":0,"388":0,"389":0,"390":0,"391":0,"392":0,"393":0,"394":0,"395":0,"396":0,"397":0,"398":0,"399":0,"400":0,"401":0,"402":0,"403":0,"404":0,"405":0,"406":0,"407":0,"408":0,"409":0,"410":0,"411":0,"412":0,"413":0,"414":0,"415":0,"416":0,"417":0,"418":0,"419":0,"420":0,"421":0,"422":0,"423":0,"424":0,"425":0,"426":0,"427":0,"428":0,"429":0,"430":0,"431":0,"432":0,"433":0,"434":0,"435":0,"436":0,"437":0,"438":0,"439":0,"440":0,"441":0,"442":0,"443":0,"444":0,"445":0,"446":0,"447":0,"448":0,"449":0,"450":0,"451":0,"452":0,"453":0,"454":0,"455":0,"456":0,"457":0,"458":0,"459":0,"460":0,"461":0,"462":0,"463":0,"464":0,"465":0,"466":0,"467":0,"468":0,"469":0,"470":0,"471":0,"472":0,"473":0,"474":0,"475":0,"476":0,"477":0,"478":0,"479":0,"480":0,"481":0,"482":0,"483":0,"484":0,"485":0,"486":0,"487":0,"488":0,"489":0,"490":0,"491":0,"492":0,"493":0,"494":0,"495":0,"496":0,"497":0,"498":0,"499":0,"500":0,"501":0,"502":0,"503":0,"504":0,"505":0,"506":0,"507":0,"508":0,"509":0,"510":0,"511":0,"512":0,"513":0,"514":0,"515":0,"516":0,"517":0,"518":0,"519":0,"520":0,"521":0,"522":0,"523":0,"524":0,"525":0,"526":0,"527":0,"528":0,"529":0,"530":0,"531":0,"532":0,"533":0,"534":0,"535":0,"536":0,"537":0,"538":0,"539":0,"540":0,"541":0,"542":0,"543":0,"544":0,"545":0,"546":0,"547":0,"548":0,"549":0,"550":0,"551":0,"552":0,"553":0,"554":0,"555":0,"556":0,"557":0,"558":0,"559":0,"560":0,"561":0,"562":0,"563":0,"564":0,"565":0,"566":0,"567":0,"568":0,"569":0,"570":0,"571":0},"f":{"0":0,"1":0,"2":0,"3":0,"4":0,"5":0,"6":0,"7":0,"8":0,"9":0,"10":0,"11":0,"12":0,"13":0,"14":0,"15":0,"16":0,"17":0,"18":0,"19":0,"20":0,"21":0,"22":0,"23":0,"24":0,"25":0,"26":0,"27":0,"28":0,"29":0,"30":0,"31":0,"32":0,"33":0,"34":0,"35":0,"36":0,"37":0,"38":0,"39":0,"40":0,"41":0,"42":0,"43":0,"44":0,"45":0,"46":0,"47":0,"48":0,"49":0,"50":0,"51":0,"52":0,"53":0,"54":0,"55":0,"56":0,"57":0,"58":0,"59":0,"60":0,"61":0,"62":0,"63":0,"64":0,"65":0,"66":0,"67":0,"68":0,"69":0,"70":0,"71":0,"72":0},"b":{"0":[0,0],"1":[0],"2":[0],"3":[0],"4":[0],"5":[0,0],"6":[0,0],"7":[0],"8":[0],"9":[0],"10":[0,0],"11":[0,0],"12":[0],"13":[0,0],"14":[0,0],"15":[0,0],"16":[0],"17":[0],"18":[0,0],"19":[0],"20":[0],"21":[0,0],"22":[0,0],"23":[0,0],"24":[0],"25":[0],"26":[0,0],"27":[0],"28":[0],"29":[0],"30":[0],"31":[0,0,0,0,0],"32":[0],"33":[0,0],"34":[0],"35":[0],"36":[0,0,0,0,0,0,0,0,0],"37":[0],"38":[0],"39":[0],"40":[0],"41":[0],"42":[0],"43":[0],"44":[0],"45":[0],"46":[0],"47":[0],"48":[0,0],"49":[0,0],"50":[0,0],"51":[0,0],"52":[0],"53":[0],"54":[0,0],"55":[0,0],"56":[0],"57":[0],"58":[0,0],"59":[0],"60":[0],"61":[0],"62":[0],"63":[0],"64":[0],"65":[0,0],"66":[0],"67":[0],"68":[0],"69":[0],"70":[0],"71":[0],"72":[0],"73":[0],"74":[0],"75":[0],"76":[0],"77":[0,0],"78":[0],"79":[0],"80":[0],"81":[0],"82":[0,0],"83":[0],"84":[0,0],"85":[0],"86":[0,0],"87":[0],"88":[0,0],"89":[0],"90":[0],"91":[0],"92":[0],"93":[0],"94":[0],"95":[0],"96":[0],"97":[0],"98":[0],"99":[0],"100":[0,0,0],"101":[0,0]}}
,"C:\\vang\\project\\2025\\vcut\\packages\\audio-editor\\src\\test-app\\AudioEditorTestApp.tsx": {"path":"C:\\vang\\project\\2025\\vcut\\packages\\audio-editor\\src\\test-app\\AudioEditorTestApp.tsx","statementMap":{"0":{"start":{"line":1,"column":0},"end":{"line":1,"column":48}},"1":{"start":{"line":2,"column":0},"end":{"line":2,"column":63}},"2":{"start":{"line":3,"column":0},"end":{"line":3,"column":64}},"3":{"start":{"line":5,"column":44},"end":{"line":233,"column":1}},"4":{"start":{"line":16,"column":6},"end":{"line":16,"column":22}},"5":{"start":{"line":18,"column":36},"end":{"line":18,"column":51}},"6":{"start":{"line":19,"column":42},"end":{"line":19,"column":71}},"7":{"start":{"line":20,"column":23},"end":{"line":20,"column":53}},"8":{"start":{"line":23,"column":27},"end":{"line":45,"column":3}},"9":{"start":{"line":24,"column":18},"end":{"line":24,"column":32}},"10":{"start":{"line":25,"column":4},"end":{"line":25,"column":45}},"11":{"start":{"line":25,"column":38},"end":{"line":25,"column":45}},"12":{"start":{"line":27,"column":17},"end":{"line":27,"column":25}},"13":{"start":{"line":28,"column":4},"end":{"line":28,"column":23}},"14":{"start":{"line":29,"column":4},"end":{"line":29,"column":26}},"15":{"start":{"line":31,"column":4},"end":{"line":44,"column":5}},"16":{"start":{"line":33,"column":22},"end":{"line":33,"column":47}},"17":{"start":{"line":36,"column":6},"end":{"line":36,"column":44}},"18":{"start":{"line":37,"column":22},"end":{"line":37,"column":61}},"19":{"start":{"line":38,"column":6},"end":{"line":38,"column":42}},"20":{"start":{"line":40,"column":6},"end":{"line":40,"column":40}},"21":{"start":{"line":41,"column":6},"end":{"line":41,"column":97}},"22":{"start":{"line":43,"column":6},"end":{"line":43,"column":26}},"23":{"start":{"line":48,"column":28},"end":{"line":50,"column":3}},"24":{"start":{"line":49,"column":4},"end":{"line":49,"column":25}},"25":{"start":{"line":53,"column":29},"end":{"line":55,"column":3}},"26":{"start":{"line":54,"column":4},"end":{"line":54,"column":36}},"27":{"start":{"line":58,"column":26},"end":{"line":61,"column":3}},"28":{"start":{"line":59,"column":4},"end":{"line":59,"column":51}},"29":{"start":{"line":64,"column":35},"end":{"line":67,"column":3}},"30":{"start":{"line":65,"column":19},"end":{"line":65,"column":45}},"31":{"start":{"line":66,"column":4},"end":{"line":66,"column":28}},"32":{"start":{"line":70,"column":27},"end":{"line":73,"column":3}},"33":{"start":{"line":71,"column":17},"end":{"line":71,"column":43}},"34":{"start":{"line":72,"column":4},"end":{"line":72,"column":25}},"35":{"start":{"line":75,"column":2},"end":{"line":232,"column":4}},"36":{"start":{"line":91,"column":27},"end":{"line":91,"column":56}},"37":{"start":{"line":138,"column":35},"end":{"line":138,"column":41}},"38":{"start":{"line":141,"column":35},"end":{"line":141,"column":42}},"39":{"start":{"line":144,"column":35},"end":{"line":144,"column":41}},"40":{"start":{"line":162,"column":14},"end":{"line":162,"column":34}},"41":{"start":{"line":166,"column":35},"end":{"line":166,"column":62}},"42":{"start":{"line":177,"column":22},"end":{"line":178,"column":null}},"43":{"start":{"line":195,"column":39},"end":{"line":195,"column":95}},"44":{"start":{"line":208,"column":39},"end":{"line":208,"column":92}},"45":{"start":{"line":5,"column":13},"end":{"line":5,"column":44}}},"fnMap":{"0":{"name":"(anonymous_0)","decl":{"start":{"line":5,"column":44},"end":{"line":5,"column":47}},"loc":{"start":{"line":5,"column":49},"end":{"line":233,"column":1}}},"1":{"name":"(anonymous_1)","decl":{"start":{"line":23,"column":27},"end":{"line":23,"column":32}},"loc":{"start":{"line":23,"column":76},"end":{"line":45,"column":3}}},"2":{"name":"(anonymous_2)","decl":{"start":{"line":48,"column":28},"end":{"line":48,"column":29}},"loc":{"start":{"line":48,"column":48},"end":{"line":50,"column":3}}},"3":{"name":"(anonymous_3)","decl":{"start":{"line":53,"column":29},"end":{"line":53,"column":30}},"loc":{"start":{"line":53,"column":65},"end":{"line":55,"column":3}}},"4":{"name":"(anonymous_4)","decl":{"start":{"line":58,"column":26},"end":{"line":58,"column":27}},"loc":{"start":{"line":58,"column":59},"end":{"line":61,"column":3}}},"5":{"name":"(anonymous_5)","decl":{"start":{"line":64,"column":35},"end":{"line":64,"column":36}},"loc":{"start":{"line":64,"column":78},"end":{"line":67,"column":3}}},"6":{"name":"(anonymous_6)","decl":{"start":{"line":70,"column":27},"end":{"line":70,"column":28}},"loc":{"start":{"line":70,"column":70},"end":{"line":73,"column":3}}},"7":{"name":"(anonymous_7)","decl":{"start":{"line":91,"column":21},"end":{"line":91,"column":24}},"loc":{"start":{"line":91,"column":27},"end":{"line":91,"column":56}}},"8":{"name":"(anonymous_8)","decl":{"start":{"line":138,"column":29},"end":{"line":138,"column":32}},"loc":{"start":{"line":138,"column":35},"end":{"line":138,"column":41}}},"9":{"name":"(anonymous_9)","decl":{"start":{"line":141,"column":29},"end":{"line":141,"column":32}},"loc":{"start":{"line":141,"column":35},"end":{"line":141,"column":42}}},"10":{"name":"(anonymous_10)","decl":{"start":{"line":144,"column":29},"end":{"line":144,"column":32}},"loc":{"start":{"line":144,"column":35},"end":{"line":144,"column":41}}},"11":{"name":"(anonymous_11)","decl":{"start":{"line":161,"column":30},"end":{"line":161,"column":35}},"loc":{"start":{"line":162,"column":14},"end":{"line":162,"column":34}}},"12":{"name":"(anonymous_12)","decl":{"start":{"line":166,"column":29},"end":{"line":166,"column":32}},"loc":{"start":{"line":166,"column":35},"end":{"line":166,"column":62}}},"13":{"name":"(anonymous_13)","decl":{"start":{"line":176,"column":66},"end":{"line":176,"column":67}},"loc":{"start":{"line":177,"column":22},"end":{"line":178,"column":null}}},"14":{"name":"(anonymous_14)","decl":{"start":{"line":195,"column":32},"end":{"line":195,"column":33}},"loc":{"start":{"line":195,"column":39},"end":{"line":195,"column":95}}},"15":{"name":"(anonymous_15)","decl":{"start":{"line":208,"column":32},"end":{"line":208,"column":33}},"loc":{"start":{"line":208,"column":39},"end":{"line":208,"column":92}}}},"branchMap":{"0":{"loc":{"start":{"line":25,"column":4},"end":{"line":25,"column":45}},"type":"if","locations":[{"start":{"line":25,"column":4},"end":{"line":25,"column":45}}]},"1":{"loc":{"start":{"line":25,"column":8},"end":{"line":25,"column":36}},"type":"binary-expr","locations":[{"start":{"line":25,"column":8},"end":{"line":25,"column":14}},{"start":{"line":25,"column":18},"end":{"line":25,"column":36}}]},"2":{"loc":{"start":{"line":41,"column":39},"end":{"line":41,"column":93}},"type":"cond-expr","locations":[{"start":{"line":41,"column":64},"end":{"line":41,"column":77}},{"start":{"line":41,"column":80},"end":{"line":41,"column":93}}]},"3":{"loc":{"start":{"line":99,"column":9},"end":{"line":99,"column":60}},"type":"binary-expr","locations":[{"start":{"line":99,"column":9},"end":{"line":99,"column":18}},{"start":{"line":99,"column":22},"end":{"line":99,"column":60}}]},"4":{"loc":{"start":{"line":100,"column":9},"end":{"line":100,"column":68}},"type":"binary-expr","locations":[{"start":{"line":100,"column":9},"end":{"line":100,"column":21}},{"start":{"line":100,"column":25},"end":{"line":100,"column":68}}]},"5":{"loc":{"start":{"line":116,"column":19},"end":{"line":116,"column":40}},"type":"binary-expr","locations":[{"start":{"line":116,"column":19},"end":{"line":116,"column":33}},{"start":{"line":116,"column":37},"end":{"line":116,"column":40}}]},"6":{"loc":{"start":{"line":155,"column":9},"end":{"line":215,"column":null}},"type":"cond-expr","locations":[{"start":{"line":156,"column":10},"end":{"line":156,"column":null}},{"start":{"line":160,"column":10},"end":{"line":214,"column":null}}]},"7":{"loc":{"start":{"line":162,"column":59},"end":{"line":162,"column":111}},"type":"cond-expr","locations":[{"start":{"line":162,"column":96},"end":{"line":162,"column":106}},{"start":{"line":162,"column":109},"end":{"line":162,"column":111}}]},"8":{"loc":{"start":{"line":176,"column":22},"end":{"line":176,"column":46}},"type":"binary-expr","locations":[{"start":{"line":176,"column":22},"end":{"line":176,"column":40}},{"start":{"line":176,"column":44},"end":{"line":176,"column":46}}]},"9":{"loc":{"start":{"line":226,"column":22},"end":{"line":226,"column":51}},"type":"cond-expr","locations":[{"start":{"line":226,"column":40},"end":{"line":226,"column":43}},{"start":{"line":226,"column":46},"end":{"line":226,"column":51}}]},"10":{"loc":{"start":{"line":227,"column":22},"end":{"line":227,"column":50}},"type":"cond-expr","locations":[{"start":{"line":227,"column":39},"end":{"line":227,"column":42}},{"start":{"line":227,"column":45},"end":{"line":227,"column":50}}]}},"s":{"0":0,"1":0,"2":0,"3":0,"4":0,"5":0,"6":0,"7":0,"8":0,"9":0,"10":0,"11":0,"12":0,"13":0,"14":0,"15":0,"16":0,"17":0,"18":0,"19":0,"20":0,"21":0,"22":0,"23":0,"24":0,"25":0,"26":0,"27":0,"28":0,"29":0,"30":0,"31":0,"32":0,"33":0,"34":0,"35":0,"36":0,"37":0,"38":0,"39":0,"40":0,"41":0,"42":0,"43":0,"44":0,"45":0},"f":{"0":0,"1":0,"2":0,"3":0,"4":0,"5":0,"6":0,"7":0,"8":0,"9":0,"10":0,"11":0,"12":0,"13":0,"14":0,"15":0},"b":{"0":[0],"1":[0,0],"2":[0,0],"3":[0,0],"4":[0,0],"5":[0,0],"6":[0,0],"7":[0,0],"8":[0,0],"9":[0,0],"10":[0,0]}}
,"C:\\vang\\project\\2025\\vcut\\packages\\audio-editor\\src\\test-app\\index.tsx": {"path":"C:\\vang\\project\\2025\\vcut\\packages\\audio-editor\\src\\test-app\\index.tsx","statementMap":{"0":{"start":{"line":1,"column":0},"end":{"line":1,"column":26}},"1":{"start":{"line":2,"column":0},"end":{"line":2,"column":40}},"2":{"start":{"line":3,"column":0},"end":{"line":3,"column":68}},"3":{"start":{"line":4,"column":0},"end":{"line":4,"column":58}},"4":{"start":{"line":5,"column":0},"end":{"line":5,"column":22}},"5":{"start":{"line":7,"column":13},"end":{"line":8,"column":null}},"6":{"start":{"line":11,"column":0},"end":{"line":17,"column":2}}},"fnMap":{},"branchMap":{},"s":{"0":0,"1":0,"2":0,"3":0,"4":0,"5":0,"6":0},"f":{},"b":{}}
,"C:\\vang\\project\\2025\\vcut\\packages\\audio-editor\\src\\types\\index.ts": {"path":"C:\\vang\\project\\2025\\vcut\\packages\\audio-editor\\src\\types\\index.ts","statementMap":{"0":{"start":{"line":40,"column":0},"end":{"line":40,"column":null}},"1":{"start":{"line":41,"column":2},"end":{"line":41,"column":null}},"2":{"start":{"line":42,"column":2},"end":{"line":42,"column":null}},"3":{"start":{"line":43,"column":2},"end":{"line":43,"column":null}},"4":{"start":{"line":44,"column":2},"end":{"line":44,"column":null}},"5":{"start":{"line":45,"column":2},"end":{"line":45,"column":null}},"6":{"start":{"line":46,"column":2},"end":{"line":46,"column":null}},"7":{"start":{"line":47,"column":2},"end":{"line":47,"column":null}},"8":{"start":{"line":48,"column":2},"end":{"line":48,"column":null}},"9":{"start":{"line":49,"column":2},"end":{"line":49,"column":null}},"10":{"start":{"line":50,"column":2},"end":{"line":50,"column":null}}},"fnMap":{"0":{"name":"(anonymous_0)","decl":{"start":{"line":40,"column":0},"end":{"line":40,"column":12}},"loc":{"start":{"line":40,"column":27},"end":{"line":51,"column":1}}}},"branchMap":{"0":{"loc":{"start":{"line":40,"column":12},"end":{"line":40,"column":null}},"type":"binary-expr","locations":[{"start":{"line":40,"column":12},"end":{"line":40,"column":27}},{"start":{"line":40,"column":27},"end":{"line":40,"column":null}}]}},"s":{"0":0,"1":0,"2":0,"3":0,"4":0,"5":0,"6":0,"7":0,"8":0,"9":0,"10":0},"f":{"0":0},"b":{"0":[0,0]}}
}
