TN:
SF:src\main.tsx
FNF:0
FNH:0
DA:1,0
DA:2,0
DA:3,0
DA:4,0
DA:6,0
LF:5
LH:0
BRF:0
BRH:0
end_of_record
TN:
SF:src\components\AudioFileUploader.tsx
FN:4,(anonymous_0)
FN:10,(anonymous_1)
FN:28,(anonymous_2)
FN:51,(anonymous_3)
FN:64,(anonymous_4)
FNF:5
FNH:0
FNDA:0,(anonymous_0)
FNDA:0,(anonymous_1)
FNDA:0,(anonymous_2)
FNDA:0,(anonymous_3)
FNDA:0,(anonymous_4)
DA:1,0
DA:2,0
DA:4,0
DA:5,0
DA:6,0
DA:7,0
DA:8,0
DA:10,0
DA:11,0
DA:12,0
DA:14,0
DA:16,0
DA:17,0
DA:18,0
DA:21,0
DA:22,0
DA:24,0
DA:26,0
DA:28,0
DA:29,0
DA:30,0
DA:31,0
DA:32,0
DA:34,0
DA:36,0
DA:37,0
DA:40,0
DA:41,0
DA:44,0
DA:45,0
DA:46,0
DA:51,0
DA:52,0
DA:53,0
DA:56,0
DA:58,0
DA:59,0
DA:60,0
DA:64,0
DA:65,0
DA:66,0
DA:70,0
DA:123,0
LF:43
LH:0
BRDA:12,0,0,0
BRDA:12,1,0,0
BRDA:12,1,1,0
BRDA:16,2,0,0
BRDA:29,3,0,0
BRDA:29,4,0,0
BRDA:29,4,1,0
BRDA:40,5,0,0
BRDA:65,6,0,0
BRDA:91,7,0,0
BRDA:91,7,1,0
BRDA:95,8,0,0
BRDA:95,8,1,0
BRDA:101,9,0,0
BRDA:101,9,1,0
BRDA:108,10,0,0
BRDA:108,10,1,0
BRF:17
BRH:0
end_of_record
TN:
SF:src\components\AudioTrack.tsx
FN:9,(anonymous_0)
FN:20,(anonymous_1)
FN:51,(anonymous_2)
FN:71,(anonymous_3)
FN:77,(anonymous_4)
FN:98,(anonymous_5)
FN:110,(anonymous_6)
FN:122,(anonymous_7)
FN:154,(anonymous_8)
FNF:9
FNH:0
FNDA:0,(anonymous_0)
FNDA:0,(anonymous_1)
FNDA:0,(anonymous_2)
FNDA:0,(anonymous_3)
FNDA:0,(anonymous_4)
FNDA:0,(anonymous_5)
FNDA:0,(anonymous_6)
FNDA:0,(anonymous_7)
FNDA:0,(anonymous_8)
DA:1,0
DA:3,0
DA:9,0
DA:10,0
DA:17,0
DA:20,0
DA:21,0
DA:23,0
DA:24,0
DA:25,0
DA:28,0
DA:31,0
DA:32,0
DA:33,0
DA:34,0
DA:36,0
DA:37,0
DA:38,0
DA:40,0
DA:41,0
DA:42,0
DA:43,0
DA:45,0
DA:46,0
DA:50,0
DA:51,0
DA:52,0
DA:55,0
DA:56,0
DA:57,0
DA:58,0
DA:59,0
DA:60,0
DA:63,0
DA:64,0
DA:65,0
DA:71,0
DA:72,0
DA:73,0
DA:77,0
DA:78,0
DA:81,0
DA:98,0
DA:110,0
DA:122,0
DA:154,0
DA:171,0
LF:47
LH:0
BRDA:21,0,0,0
BRDA:21,1,0,0
BRDA:21,1,1,0
BRDA:25,2,0,0
BRDA:36,3,0,0
BRDA:36,3,1,0
BRDA:37,4,0,0
BRDA:37,4,1,0
BRDA:50,5,0,0
BRDA:50,6,0,0
BRDA:50,6,1,0
BRDA:83,7,0,0
BRDA:83,7,1,0
BRDA:88,8,0,0
BRDA:88,8,1,0
BRDA:90,9,0,0
BRDA:90,9,1,0
BRDA:100,10,0,0
BRDA:100,10,1,0
BRDA:107,11,0,0
BRDA:107,11,1,0
BRDA:112,12,0,0
BRDA:112,12,1,0
BRDA:119,13,0,0
BRDA:119,13,1,0
BRDA:163,14,0,0
BRDA:163,14,1,0
BRF:27
BRH:0
end_of_record
TN:
SF:src\components\EffectsPanel.tsx
FN:5,(anonymous_0)
FN:17,(anonymous_1)
FN:20,(anonymous_2)
FN:240,(anonymous_3)
FN:268,(anonymous_4)
FN:271,(anonymous_5)
FN:274,(anonymous_6)
FN:278,(anonymous_7)
FN:289,(anonymous_8)
FN:292,(anonymous_9)
FN:295,(anonymous_10)
FN:302,(anonymous_11)
FN:308,(anonymous_12)
FN:317,(anonymous_13)
FN:325,(anonymous_14)
FN:357,(anonymous_15)
FN:370,(anonymous_16)
FN:383,(anonymous_17)
FN:411,(anonymous_18)
FN:454,(anonymous_19)
FN:481,(anonymous_20)
FN:495,(anonymous_21)
FN:518,(anonymous_22)
FNF:23
FNH:0
FNDA:0,(anonymous_0)
FNDA:0,(anonymous_1)
FNDA:0,(anonymous_2)
FNDA:0,(anonymous_3)
FNDA:0,(anonymous_4)
FNDA:0,(anonymous_5)
FNDA:0,(anonymous_6)
FNDA:0,(anonymous_7)
FNDA:0,(anonymous_8)
FNDA:0,(anonymous_9)
FNDA:0,(anonymous_10)
FNDA:0,(anonymous_11)
FNDA:0,(anonymous_12)
FNDA:0,(anonymous_13)
FNDA:0,(anonymous_14)
FNDA:0,(anonymous_15)
FNDA:0,(anonymous_16)
FNDA:0,(anonymous_17)
FNDA:0,(anonymous_18)
FNDA:0,(anonymous_19)
FNDA:0,(anonymous_20)
FNDA:0,(anonymous_21)
FNDA:0,(anonymous_22)
DA:1,0
DA:2,0
DA:3,0
DA:5,0
DA:11,0
DA:13,0
DA:14,0
DA:16,0
DA:17,0
DA:20,0
DA:21,0
DA:24,0
DA:26,0
DA:28,0
DA:38,0
DA:41,0
DA:81,0
DA:84,0
DA:135,0
DA:138,0
DA:168,0
DA:171,0
DA:201,0
DA:204,0
DA:225,0
DA:229,0
DA:236,0
DA:240,0
DA:241,0
DA:243,0
DA:245,0
DA:247,0
DA:249,0
DA:251,0
DA:253,0
DA:255,0
DA:257,0
DA:259,0
DA:261,0
DA:263,0
DA:268,0
DA:269,0
DA:271,0
DA:272,0
DA:274,0
DA:275,0
DA:278,0
DA:279,0
DA:285,0
DA:289,0
DA:290,0
DA:292,0
DA:293,0
DA:295,0
DA:296,0
DA:298,0
DA:302,0
DA:303,0
DA:304,0
DA:308,0
DA:309,0
DA:313,0
DA:317,0
DA:318,0
DA:319,0
DA:320,0
DA:325,0
DA:353,0
DA:357,0
DA:358,0
DA:370,0
DA:383,0
DA:401,0
DA:411,0
DA:455,0
DA:481,0
DA:495,0
DA:519,0
DA:544,0
LF:79
LH:0
BRDA:16,0,0,0
BRDA:16,0,1,0
BRDA:21,1,0,0
BRDA:26,2,0,0
BRDA:26,2,1,0
BRDA:26,2,2,0
BRDA:26,2,3,0
BRDA:26,2,4,0
BRDA:26,2,5,0
BRDA:241,3,0,0
BRDA:241,3,1,0
BRDA:241,3,2,0
BRDA:241,3,3,0
BRDA:241,3,4,0
BRDA:241,3,5,0
BRDA:241,3,6,0
BRDA:241,3,7,0
BRDA:241,3,8,0
BRDA:241,3,9,0
BRDA:241,3,10,0
BRDA:269,4,0,0
BRDA:272,5,0,0
BRDA:275,6,0,0
BRDA:279,7,0,0
BRDA:279,7,1,0
BRDA:290,8,0,0
BRDA:293,9,0,0
BRDA:296,10,0,0
BRDA:303,11,0,0
BRDA:313,12,0,0
BRDA:313,12,1,0
BRDA:318,13,0,0
BRDA:361,14,0,0
BRDA:361,14,1,0
BRDA:405,15,0,0
BRDA:405,15,1,0
BRDA:443,16,0,0
BRDA:443,16,1,0
BRDA:462,17,0,0
BRDA:462,17,1,0
BRDA:473,18,0,0
BRDA:473,18,1,0
BRDA:484,19,0,0
BRDA:484,19,1,0
BRDA:492,20,0,0
BRDA:492,20,1,0
BRDA:515,21,0,0
BRDA:515,21,1,0
BRDA:519,22,0,0
BRDA:519,22,1,0
BRF:50
BRH:0
end_of_record
TN:
SF:src\components\TrackList.tsx
FN:5,(anonymous_0)
FN:24,(anonymous_1)
FNF:2
FNH:0
FNDA:0,(anonymous_0)
FNDA:0,(anonymous_1)
DA:1,0
DA:2,0
DA:3,0
DA:5,0
DA:6,0
DA:8,0
DA:25,0
DA:33,0
LF:8
LH:0
BRDA:12,0,0,0
BRDA:12,0,1,0
BRF:2
BRH:0
end_of_record
TN:
SF:src\components\TransportControls.tsx
FN:4,(anonymous_0)
FN:17,(anonymous_1)
FN:37,(anonymous_2)
FN:43,(anonymous_3)
FN:48,(anonymous_4)
FN:53,(anonymous_5)
FNF:6
FNH:3
FNDA:6,(anonymous_0)
FNDA:24,(anonymous_1)
FNDA:0,(anonymous_2)
FNDA:1,(anonymous_3)
FNDA:0,(anonymous_4)
FNDA:0,(anonymous_5)
DA:1,1
DA:2,1
DA:4,1
DA:12,6
DA:14,6
DA:17,6
DA:19,24
DA:20,0
DA:21,0
DA:24,24
DA:25,24
DA:26,24
DA:29,24
DA:30,6
DA:33,24
DA:37,6
DA:38,0
DA:39,0
DA:43,6
DA:44,1
DA:48,6
DA:49,0
DA:53,6
DA:54,0
DA:57,6
DA:210,1
LF:26
LH:20
BRDA:19,0,0,0
BRDA:19,1,0,24
BRDA:19,1,1,24
BRDA:29,2,0,6
BRDA:29,3,0,24
BRDA:29,3,1,7
BRDA:91,4,0,1
BRDA:91,4,1,5
BRDA:144,5,0,6
BRDA:144,5,1,0
BRDA:164,6,0,0
BRDA:164,6,1,6
BRDA:165,7,0,0
BRDA:165,7,1,6
BRDA:173,8,0,0
BRDA:173,8,1,6
BRDA:179,9,0,0
BRDA:179,9,1,6
BRDA:180,10,0,0
BRDA:180,10,1,6
BRDA:184,11,0,0
BRDA:184,11,1,6
BRDA:194,12,0,0
BRDA:194,12,1,6
BRDA:195,13,0,0
BRDA:195,13,1,6
BRDA:199,14,0,0
BRDA:199,14,1,6
BRF:28
BRH:17
end_of_record
TN:
SF:src\context\AudioEditorContext.tsx
FN:33,(anonymous_0)
FN:47,(anonymous_1)
FN:54,(anonymous_2)
FN:63,(anonymous_3)
FN:64,(anonymous_4)
FN:73,(anonymous_5)
FN:83,(anonymous_6)
FN:93,(anonymous_7)
FN:104,(anonymous_8)
FN:166,(anonymous_9)
FN:179,(anonymous_10)
FN:183,(anonymous_11)
FN:192,(anonymous_12)
FN:196,(anonymous_13)
FN:209,(anonymous_14)
FN:222,(anonymous_15)
FN:226,(anonymous_16)
FN:235,(anonymous_17)
FN:239,(anonymous_18)
FN:281,(anonymous_19)
FN:282,(anonymous_20)
FN:283,(anonymous_21)
FN:284,(anonymous_22)
FN:285,(anonymous_23)
FN:286,(anonymous_24)
FN:287,(anonymous_25)
FN:288,(anonymous_26)
FN:289,(anonymous_27)
FN:290,(anonymous_28)
FN:291,(anonymous_29)
FN:292,(anonymous_30)
FN:293,(anonymous_31)
FN:294,(anonymous_32)
FN:295,(anonymous_33)
FN:296,(anonymous_34)
FN:297,(anonymous_35)
FN:298,(anonymous_36)
FN:299,(anonymous_37)
FN:300,(anonymous_38)
FN:301,(anonymous_39)
FN:302,(anonymous_40)
FN:306,(anonymous_41)
FN:314,(anonymous_42)
FN:336,(anonymous_43)
FN:339,(anonymous_44)
FN:341,(anonymous_45)
FN:349,(anonymous_46)
FN:356,(anonymous_47)
FN:360,(anonymous_48)
FN:379,(anonymous_49)
FN:381,(anonymous_50)
FN:397,(anonymous_51)
FN:425,(anonymous_52)
FN:448,(anonymous_53)
FN:457,(anonymous_54)
FN:481,(anonymous_55)
FN:493,(anonymous_56)
FN:494,(anonymous_57)
FN:507,(anonymous_58)
FN:514,(anonymous_59)
FN:515,(anonymous_60)
FN:517,(anonymous_61)
FN:529,(anonymous_62)
FN:538,(anonymous_63)
FN:552,(anonymous_64)
FN:560,(anonymous_65)
FN:568,(anonymous_66)
FN:576,(anonymous_67)
FN:584,(anonymous_68)
FN:592,(anonymous_69)
FN:630,(anonymous_70)
FN:631,(anonymous_71)
FN:641,(anonymous_72)
FN:731,(anonymous_73)
FN:756,(anonymous_74)
FN:759,(anonymous_75)
FN:768,(anonymous_76)
FN:795,(anonymous_77)
FN:839,(anonymous_78)
FN:854,(anonymous_79)
FN:870,(anonymous_80)
FN:875,(anonymous_81)
FN:883,(anonymous_82)
FN:888,(anonymous_83)
FN:936,(anonymous_84)
FNF:85
FNH:0
FNDA:0,(anonymous_0)
FNDA:0,(anonymous_1)
FNDA:0,(anonymous_2)
FNDA:0,(anonymous_3)
FNDA:0,(anonymous_4)
FNDA:0,(anonymous_5)
FNDA:0,(anonymous_6)
FNDA:0,(anonymous_7)
FNDA:0,(anonymous_8)
FNDA:0,(anonymous_9)
FNDA:0,(anonymous_10)
FNDA:0,(anonymous_11)
FNDA:0,(anonymous_12)
FNDA:0,(anonymous_13)
FNDA:0,(anonymous_14)
FNDA:0,(anonymous_15)
FNDA:0,(anonymous_16)
FNDA:0,(anonymous_17)
FNDA:0,(anonymous_18)
FNDA:0,(anonymous_19)
FNDA:0,(anonymous_20)
FNDA:0,(anonymous_21)
FNDA:0,(anonymous_22)
FNDA:0,(anonymous_23)
FNDA:0,(anonymous_24)
FNDA:0,(anonymous_25)
FNDA:0,(anonymous_26)
FNDA:0,(anonymous_27)
FNDA:0,(anonymous_28)
FNDA:0,(anonymous_29)
FNDA:0,(anonymous_30)
FNDA:0,(anonymous_31)
FNDA:0,(anonymous_32)
FNDA:0,(anonymous_33)
FNDA:0,(anonymous_34)
FNDA:0,(anonymous_35)
FNDA:0,(anonymous_36)
FNDA:0,(anonymous_37)
FNDA:0,(anonymous_38)
FNDA:0,(anonymous_39)
FNDA:0,(anonymous_40)
FNDA:0,(anonymous_41)
FNDA:0,(anonymous_42)
FNDA:0,(anonymous_43)
FNDA:0,(anonymous_44)
FNDA:0,(anonymous_45)
FNDA:0,(anonymous_46)
FNDA:0,(anonymous_47)
FNDA:0,(anonymous_48)
FNDA:0,(anonymous_49)
FNDA:0,(anonymous_50)
FNDA:0,(anonymous_51)
FNDA:0,(anonymous_52)
FNDA:0,(anonymous_53)
FNDA:0,(anonymous_54)
FNDA:0,(anonymous_55)
FNDA:0,(anonymous_56)
FNDA:0,(anonymous_57)
FNDA:0,(anonymous_58)
FNDA:0,(anonymous_59)
FNDA:0,(anonymous_60)
FNDA:0,(anonymous_61)
FNDA:0,(anonymous_62)
FNDA:0,(anonymous_63)
FNDA:0,(anonymous_64)
FNDA:0,(anonymous_65)
FNDA:0,(anonymous_66)
FNDA:0,(anonymous_67)
FNDA:0,(anonymous_68)
FNDA:0,(anonymous_69)
FNDA:0,(anonymous_70)
FNDA:0,(anonymous_71)
FNDA:0,(anonymous_72)
FNDA:0,(anonymous_73)
FNDA:0,(anonymous_74)
FNDA:0,(anonymous_75)
FNDA:0,(anonymous_76)
FNDA:0,(anonymous_77)
FNDA:0,(anonymous_78)
FNDA:0,(anonymous_79)
FNDA:0,(anonymous_80)
FNDA:0,(anonymous_81)
FNDA:0,(anonymous_82)
FNDA:0,(anonymous_83)
FNDA:0,(anonymous_84)
DA:1,0
DA:2,0
DA:10,0
DA:13,0
DA:33,0
DA:34,0
DA:36,0
DA:45,0
DA:47,0
DA:52,0
DA:55,0
DA:63,0
DA:64,0
DA:71,0
DA:74,0
DA:81,0
DA:84,0
DA:91,0
DA:94,0
DA:101,0
DA:104,0
DA:111,0
DA:117,0
DA:123,0
DA:130,0
DA:137,0
DA:144,0
DA:158,0
DA:164,0
DA:167,0
DA:177,0
DA:180,0
DA:183,0
DA:190,0
DA:193,0
DA:197,0
DA:207,0
DA:210,0
DA:220,0
DA:223,0
DA:226,0
DA:233,0
DA:236,0
DA:240,0
DA:250,0
DA:255,0
DA:281,0
DA:282,0
DA:301,0
DA:302,0
DA:306,0
DA:307,0
DA:310,0
DA:311,0
DA:314,0
DA:316,0
DA:318,0
DA:320,0
DA:321,0
DA:323,0
DA:324,0
DA:325,0
DA:330,0
DA:333,0
DA:336,0
DA:337,0
DA:338,0
DA:339,0
DA:340,0
DA:342,0
DA:348,0
DA:349,0
DA:350,0
DA:353,0
DA:356,0
DA:357,0
DA:360,0
DA:361,0
DA:365,0
DA:366,0
DA:367,0
DA:371,0
DA:372,0
DA:374,0
DA:375,0
DA:379,0
DA:380,0
DA:382,0
DA:385,0
DA:388,0
DA:392,0
DA:397,0
DA:398,0
DA:425,0
DA:426,0
DA:427,0
DA:429,0
DA:431,0
DA:432,0
DA:435,0
DA:438,0
DA:440,0
DA:442,0
DA:443,0
DA:448,0
DA:449,0
DA:450,0
DA:452,0
DA:453,0
DA:457,0
DA:458,0
DA:459,0
DA:462,0
DA:463,0
DA:466,0
DA:467,0
DA:470,0
DA:471,0
DA:474,0
DA:481,0
DA:482,0
DA:483,0
DA:485,0
DA:486,0
DA:493,0
DA:494,0
DA:495,0
DA:497,0
DA:498,0
DA:501,0
DA:503,0
DA:507,0
DA:508,0
DA:509,0
DA:511,0
DA:514,0
DA:515,0
DA:517,0
DA:518,0
DA:520,0
DA:529,0
DA:530,0
DA:531,0
DA:533,0
DA:534,0
DA:538,0
DA:539,0
DA:540,0
DA:543,0
DA:545,0
DA:552,0
DA:553,0
DA:560,0
DA:561,0
DA:568,0
DA:569,0
DA:576,0
DA:577,0
DA:584,0
DA:585,0
DA:592,0
DA:593,0
DA:594,0
DA:596,0
DA:597,0
DA:602,0
DA:603,0
DA:606,0
DA:607,0
DA:610,0
DA:611,0
DA:612,0
DA:613,0
DA:615,0
DA:616,0
DA:618,0
DA:619,0
DA:623,0
DA:625,0
DA:626,0
DA:627,0
DA:630,0
DA:631,0
DA:632,0
DA:633,0
DA:634,0
DA:636,0
DA:641,0
DA:642,0
DA:643,0
DA:649,0
DA:652,0
DA:653,0
DA:654,0
DA:657,0
DA:658,0
DA:662,0
DA:663,0
DA:666,0
DA:670,0
DA:671,0
DA:674,0
DA:677,0
DA:678,0
DA:681,0
DA:682,0
DA:685,0
DA:703,0
DA:704,0
DA:707,0
DA:708,0
DA:711,0
DA:712,0
DA:722,0
DA:723,0
DA:725,0
DA:726,0
DA:731,0
DA:732,0
DA:733,0
DA:734,0
DA:735,0
DA:738,0
DA:741,0
DA:742,0
DA:743,0
DA:745,0
DA:747,0
DA:751,0
DA:754,0
DA:755,0
DA:756,0
DA:757,0
DA:758,0
DA:760,0
DA:763,0
DA:768,0
DA:769,0
DA:770,0
DA:771,0
DA:772,0
DA:776,0
DA:784,0
DA:787,0
DA:790,0
DA:791,0
DA:795,0
DA:796,0
DA:797,0
DA:798,0
DA:799,0
DA:802,0
DA:803,0
DA:807,0
DA:808,0
DA:812,0
DA:815,0
DA:816,0
DA:817,0
DA:822,0
DA:823,0
DA:824,0
DA:825,0
DA:826,0
DA:828,0
DA:829,0
DA:832,0
DA:839,0
DA:840,0
DA:841,0
DA:843,0
DA:845,0
DA:846,0
DA:847,0
DA:850,0
DA:854,0
DA:855,0
DA:856,0
DA:858,0
DA:860,0
DA:861,0
DA:862,0
DA:865,0
DA:866,0
DA:870,0
DA:871,0
DA:875,0
DA:876,0
DA:883,0
DA:884,0
DA:888,0
DA:889,0
DA:890,0
DA:891,0
DA:894,0
DA:895,0
DA:897,0
DA:898,0
DA:902,0
DA:936,0
DA:937,0
DA:938,0
DA:939,0
DA:941,0
LF:304
LH:0
BRDA:34,0,0,0
BRDA:34,0,1,0
BRDA:34,0,2,0
BRDA:34,0,3,0
BRDA:34,0,4,0
BRDA:34,0,5,0
BRDA:34,0,6,0
BRDA:34,0,7,0
BRDA:34,0,8,0
BRDA:34,0,9,0
BRDA:34,0,10,0
BRDA:34,0,11,0
BRDA:34,0,12,0
BRDA:34,0,13,0
BRDA:34,0,14,0
BRDA:34,0,15,0
BRDA:34,0,16,0
BRDA:34,0,17,0
BRDA:34,0,18,0
BRDA:34,0,19,0
BRDA:34,0,20,0
BRDA:41,1,0,0
BRDA:41,1,1,0
BRDA:48,2,0,0
BRDA:48,2,1,0
BRDA:55,3,0,0
BRDA:55,3,1,0
BRDA:60,4,0,0
BRDA:60,4,1,0
BRDA:64,5,0,0
BRDA:64,5,1,0
BRDA:74,6,0,0
BRDA:74,6,1,0
BRDA:84,7,0,0
BRDA:84,7,1,0
BRDA:94,8,0,0
BRDA:94,8,1,0
BRDA:148,9,0,0
BRDA:148,9,1,0
BRDA:149,10,0,0
BRDA:149,10,1,0
BRDA:152,11,0,0
BRDA:152,11,1,0
BRDA:152,12,0,0
BRDA:152,12,1,0
BRDA:153,13,0,0
BRDA:153,13,1,0
BRDA:167,14,0,0
BRDA:167,14,1,0
BRDA:180,15,0,0
BRDA:180,15,1,0
BRDA:193,16,0,0
BRDA:193,16,1,0
BRDA:197,17,0,0
BRDA:197,17,1,0
BRDA:210,18,0,0
BRDA:210,18,1,0
BRDA:223,19,0,0
BRDA:223,19,1,0
BRDA:236,20,0,0
BRDA:236,20,1,0
BRDA:240,21,0,0
BRDA:240,21,1,0
BRDA:320,22,0,0
BRDA:323,23,0,0
BRDA:337,24,0,0
BRDA:337,25,0,0
BRDA:337,25,1,0
BRDA:365,26,0,0
BRDA:371,27,0,0
BRDA:374,28,0,0
BRDA:427,29,0,0
BRDA:431,30,0,0
BRDA:431,30,1,0
BRDA:450,31,0,0
BRDA:459,32,0,0
BRDA:462,33,0,0
BRDA:466,34,0,0
BRDA:470,35,0,0
BRDA:483,36,0,0
BRDA:495,37,0,0
BRDA:498,38,0,0
BRDA:501,39,0,0
BRDA:501,39,1,0
BRDA:509,40,0,0
BRDA:518,41,0,0
BRDA:518,41,1,0
BRDA:522,42,0,0
BRDA:522,42,1,0
BRDA:531,43,0,0
BRDA:540,44,0,0
BRDA:594,45,0,0
BRDA:602,46,0,0
BRDA:602,46,1,0
BRDA:606,47,0,0
BRDA:606,47,1,0
BRDA:606,48,0,0
BRDA:606,48,1,0
BRDA:619,49,0,0
BRDA:619,49,1,0
BRDA:633,50,0,0
BRDA:633,50,1,0
BRDA:633,51,0,0
BRDA:633,51,1,0
BRDA:642,52,0,0
BRDA:642,53,0,0
BRDA:642,53,1,0
BRDA:657,54,0,0
BRDA:687,55,0,0
BRDA:687,55,1,0
BRDA:711,56,0,0
BRDA:711,57,0,0
BRDA:711,57,1,0
BRDA:733,58,0,0
BRDA:733,59,0,0
BRDA:733,59,1,0
BRDA:741,60,0,0
BRDA:754,61,0,0
BRDA:754,61,1,0
BRDA:770,62,0,0
BRDA:790,63,0,0
BRDA:797,64,0,0
BRDA:797,65,0,0
BRDA:797,65,1,0
BRDA:802,66,0,0
BRDA:807,67,0,0
BRDA:815,68,0,0
BRDA:815,69,0,0
BRDA:815,69,1,0
BRDA:822,70,0,0
BRDA:822,71,0,0
BRDA:822,71,1,0
BRDA:824,72,0,0
BRDA:841,73,0,0
BRDA:841,74,0,0
BRDA:841,74,1,0
BRDA:845,75,0,0
BRDA:856,76,0,0
BRDA:860,77,0,0
BRDA:890,78,0,0
BRDA:938,79,0,0
BRF:141
BRH:0
end_of_record
TN:
SF:src\pages\TestAudioEditor.tsx
FN:8,(anonymous_0)
FNF:1
FNH:0
FNDA:0,(anonymous_0)
DA:1,0
DA:2,0
DA:3,0
DA:4,0
DA:5,0
DA:6,0
DA:8,0
DA:9,0
DA:75,0
LF:9
LH:0
BRF:0
BRH:0
end_of_record
TN:
SF:src\services\AudioService.ts
FN:35,(anonymous_0)
FN:74,(anonymous_1)
FN:75,(anonymous_2)
FN:77,(anonymous_3)
FN:79,(anonymous_4)
FN:86,(anonymous_5)
FN:94,(anonymous_6)
FN:151,(anonymous_7)
FN:219,(anonymous_8)
FN:221,(anonymous_9)
FN:242,(anonymous_10)
FN:274,(anonymous_11)
FN:299,(anonymous_12)
FN:369,(anonymous_13)
FN:421,(anonymous_14)
FN:433,(anonymous_15)
FN:444,(anonymous_16)
FN:453,(anonymous_17)
FN:503,(anonymous_18)
FN:505,(anonymous_19)
FN:516,(anonymous_20)
FN:518,(anonymous_21)
FN:519,(anonymous_22)
FN:520,(anonymous_23)
FN:521,(anonymous_24)
FN:559,(anonymous_25)
FN:561,(anonymous_26)
FN:562,(anonymous_27)
FN:563,(anonymous_28)
FN:564,(anonymous_29)
FN:565,(anonymous_30)
FN:590,(anonymous_31)
FN:601,(anonymous_32)
FN:603,(anonymous_33)
FN:604,(anonymous_34)
FN:620,(anonymous_35)
FN:664,(anonymous_36)
FN:674,(anonymous_37)
FN:717,(anonymous_38)
FN:777,(anonymous_39)
FN:791,(anonymous_40)
FN:794,(anonymous_41)
FN:808,(anonymous_42)
FN:813,(anonymous_43)
FN:815,(anonymous_44)
FN:830,(anonymous_45)
FN:888,(anonymous_46)
FN:899,(anonymous_47)
FN:919,(anonymous_48)
FN:923,(anonymous_49)
FN:935,(anonymous_50)
FN:960,(anonymous_51)
FN:976,(anonymous_52)
FN:994,(anonymous_53)
FN:1000,(anonymous_54)
FN:1015,(anonymous_55)
FN:1033,(anonymous_56)
FN:1043,(anonymous_57)
FN:1068,(anonymous_58)
FN:1089,(anonymous_59)
FN:1097,(anonymous_60)
FN:1104,(anonymous_61)
FN:1115,(anonymous_62)
FN:1130,(anonymous_63)
FN:1149,(anonymous_64)
FN:1164,(anonymous_65)
FN:1180,(anonymous_66)
FN:1181,(anonymous_67)
FN:1189,(anonymous_68)
FN:1208,(anonymous_69)
FN:1226,(anonymous_70)
FN:1272,(anonymous_71)
FN:1325,(anonymous_72)
FNF:73
FNH:0
FNDA:0,(anonymous_0)
FNDA:0,(anonymous_1)
FNDA:0,(anonymous_2)
FNDA:0,(anonymous_3)
FNDA:0,(anonymous_4)
FNDA:0,(anonymous_5)
FNDA:0,(anonymous_6)
FNDA:0,(anonymous_7)
FNDA:0,(anonymous_8)
FNDA:0,(anonymous_9)
FNDA:0,(anonymous_10)
FNDA:0,(anonymous_11)
FNDA:0,(anonymous_12)
FNDA:0,(anonymous_13)
FNDA:0,(anonymous_14)
FNDA:0,(anonymous_15)
FNDA:0,(anonymous_16)
FNDA:0,(anonymous_17)
FNDA:0,(anonymous_18)
FNDA:0,(anonymous_19)
FNDA:0,(anonymous_20)
FNDA:0,(anonymous_21)
FNDA:0,(anonymous_22)
FNDA:0,(anonymous_23)
FNDA:0,(anonymous_24)
FNDA:0,(anonymous_25)
FNDA:0,(anonymous_26)
FNDA:0,(anonymous_27)
FNDA:0,(anonymous_28)
FNDA:0,(anonymous_29)
FNDA:0,(anonymous_30)
FNDA:0,(anonymous_31)
FNDA:0,(anonymous_32)
FNDA:0,(anonymous_33)
FNDA:0,(anonymous_34)
FNDA:0,(anonymous_35)
FNDA:0,(anonymous_36)
FNDA:0,(anonymous_37)
FNDA:0,(anonymous_38)
FNDA:0,(anonymous_39)
FNDA:0,(anonymous_40)
FNDA:0,(anonymous_41)
FNDA:0,(anonymous_42)
FNDA:0,(anonymous_43)
FNDA:0,(anonymous_44)
FNDA:0,(anonymous_45)
FNDA:0,(anonymous_46)
FNDA:0,(anonymous_47)
FNDA:0,(anonymous_48)
FNDA:0,(anonymous_49)
FNDA:0,(anonymous_50)
FNDA:0,(anonymous_51)
FNDA:0,(anonymous_52)
FNDA:0,(anonymous_53)
FNDA:0,(anonymous_54)
FNDA:0,(anonymous_55)
FNDA:0,(anonymous_56)
FNDA:0,(anonymous_57)
FNDA:0,(anonymous_58)
FNDA:0,(anonymous_59)
FNDA:0,(anonymous_60)
FNDA:0,(anonymous_61)
FNDA:0,(anonymous_62)
FNDA:0,(anonymous_63)
FNDA:0,(anonymous_64)
FNDA:0,(anonymous_65)
FNDA:0,(anonymous_66)
FNDA:0,(anonymous_67)
FNDA:0,(anonymous_68)
FNDA:0,(anonymous_69)
FNDA:0,(anonymous_70)
FNDA:0,(anonymous_71)
FNDA:0,(anonymous_72)
DA:2,0
DA:8,0
DA:10,0
DA:11,0
DA:14,0
DA:22,0
DA:23,0
DA:24,0
DA:25,0
DA:26,0
DA:30,0
DA:36,0
DA:38,0
DA:39,0
DA:40,0
DA:42,0
DA:43,0
DA:46,0
DA:47,0
DA:48,0
DA:51,0
DA:52,0
DA:53,0
DA:54,0
DA:55,0
DA:56,0
DA:59,0
DA:62,0
DA:63,0
DA:64,0
DA:67,0
DA:75,0
DA:76,0
DA:77,0
DA:78,0
DA:80,0
DA:86,0
DA:87,0
DA:95,0
DA:96,0
DA:97,0
DA:100,0
DA:101,0
DA:104,0
DA:105,0
DA:106,0
DA:108,0
DA:112,0
DA:113,0
DA:114,0
DA:117,0
DA:118,0
DA:122,0
DA:123,0
DA:126,0
DA:127,0
DA:128,0
DA:131,0
DA:132,0
DA:135,0
DA:136,0
DA:137,0
DA:140,0
DA:142,0
DA:143,0
DA:152,0
DA:154,0
DA:156,0
DA:157,0
DA:158,0
DA:159,0
DA:160,0
DA:162,0
DA:165,0
DA:166,0
DA:167,0
DA:168,0
DA:171,0
DA:172,0
DA:173,0
DA:175,0
DA:177,0
DA:178,0
DA:184,0
DA:187,0
DA:188,0
DA:190,0
DA:191,0
DA:194,0
DA:195,0
DA:198,0
DA:199,0
DA:201,0
DA:204,0
DA:205,0
DA:207,0
DA:208,0
DA:211,0
DA:214,0
DA:220,0
DA:221,0
DA:222,0
DA:231,0
DA:233,0
DA:234,0
DA:243,0
DA:245,0
DA:247,0
DA:248,0
DA:249,0
DA:253,0
DA:254,0
DA:257,0
DA:260,0
DA:262,0
DA:264,0
DA:265,0
DA:275,0
DA:276,0
DA:277,0
DA:279,0
DA:280,0
DA:281,0
DA:283,0
DA:284,0
DA:288,0
DA:291,0
DA:300,0
DA:303,0
DA:304,0
DA:306,0
DA:307,0
DA:310,0
DA:314,0
DA:315,0
DA:318,0
DA:319,0
DA:322,0
DA:323,0
DA:326,0
DA:327,0
DA:328,0
DA:331,0
DA:340,0
DA:343,0
DA:344,0
DA:347,0
DA:348,0
DA:351,0
DA:352,0
DA:353,0
DA:355,0
DA:358,0
DA:361,0
DA:370,0
DA:371,0
DA:373,0
DA:387,0
DA:388,0
DA:389,0
DA:393,0
DA:394,0
DA:395,0
DA:399,0
DA:403,0
DA:404,0
DA:407,0
DA:410,0
DA:411,0
DA:413,0
DA:422,0
DA:423,0
DA:425,0
DA:434,0
DA:435,0
DA:437,0
DA:445,0
DA:454,0
DA:455,0
DA:457,0
DA:459,0
DA:461,0
DA:462,0
DA:464,0
DA:465,0
DA:467,0
DA:468,0
DA:471,0
DA:472,0
DA:474,0
DA:475,0
DA:479,0
DA:481,0
DA:483,0
DA:484,0
DA:485,0
DA:488,0
DA:489,0
DA:490,0
DA:491,0
DA:495,0
DA:504,0
DA:505,0
DA:506,0
DA:507,0
DA:509,0
DA:517,0
DA:518,0
DA:519,0
DA:520,0
DA:521,0
DA:523,0
DA:525,0
DA:526,0
DA:535,0
DA:536,0
DA:538,0
DA:539,0
DA:542,0
DA:543,0
DA:545,0
DA:546,0
DA:548,0
DA:549,0
DA:552,0
DA:560,0
DA:561,0
DA:562,0
DA:563,0
DA:564,0
DA:565,0
DA:567,0
DA:568,0
DA:570,0
DA:571,0
DA:573,0
DA:574,0
DA:576,0
DA:577,0
DA:579,0
DA:580,0
DA:583,0
DA:591,0
DA:594,0
DA:602,0
DA:603,0
DA:604,0
DA:606,0
DA:607,0
DA:610,0
DA:614,0
DA:621,0
DA:623,0
DA:627,0
DA:628,0
DA:629,0
DA:630,0
DA:631,0
DA:634,0
DA:635,0
DA:638,0
DA:639,0
DA:640,0
DA:641,0
DA:642,0
DA:643,0
DA:646,0
DA:647,0
DA:653,0
DA:655,0
DA:665,0
DA:675,0
DA:676,0
DA:678,0
DA:679,0
DA:680,0
DA:684,0
DA:685,0
DA:686,0
DA:687,0
DA:688,0
DA:689,0
DA:690,0
DA:691,0
DA:692,0
DA:693,0
DA:697,0
DA:698,0
DA:699,0
DA:700,0
DA:701,0
DA:702,0
DA:703,0
DA:707,0
DA:718,0
DA:721,0
DA:722,0
DA:723,0
DA:724,0
DA:728,0
DA:729,0
DA:730,0
DA:731,0
DA:733,0
DA:736,0
DA:737,0
DA:738,0
DA:743,0
DA:744,0
DA:745,0
DA:749,0
DA:750,0
DA:751,0
DA:752,0
DA:756,0
DA:757,0
DA:758,0
DA:762,0
DA:766,0
DA:767,0
DA:768,0
DA:771,0
DA:774,0
DA:777,0
DA:778,0
DA:780,0
DA:783,0
DA:784,0
DA:785,0
DA:789,0
DA:790,0
DA:791,0
DA:792,0
DA:793,0
DA:795,0
DA:798,0
DA:801,0
DA:809,0
DA:811,0
DA:812,0
DA:813,0
DA:814,0
DA:816,0
DA:818,0
DA:821,0
DA:823,0
DA:836,0
DA:838,0
DA:839,0
DA:840,0
DA:844,0
DA:845,0
DA:846,0
DA:851,0
DA:852,0
DA:853,0
DA:857,0
DA:858,0
DA:859,0
DA:860,0
DA:863,0
DA:864,0
DA:867,0
DA:870,0
DA:873,0
DA:875,0
DA:876,0
DA:877,0
DA:878,0
DA:880,0
DA:889,0
DA:892,0
DA:893,0
DA:894,0
DA:898,0
DA:899,0
DA:900,0
DA:901,0
DA:902,0
DA:906,0
DA:907,0
DA:908,0
DA:912,0
DA:913,0
DA:916,0
DA:918,0
DA:920,0
DA:921,0
DA:924,0
DA:927,0
DA:936,0
DA:939,0
DA:940,0
DA:941,0
DA:945,0
DA:946,0
DA:947,0
DA:951,0
DA:952,0
DA:953,0
DA:954,0
DA:956,0
DA:959,0
DA:960,0
DA:961,0
DA:962,0
DA:963,0
DA:965,0
DA:969,0
DA:977,0
DA:978,0
DA:980,0
DA:982,0
DA:983,0
DA:984,0
DA:985,0
DA:987,0
DA:996,0
DA:997,0
DA:1000,0
DA:1001,0
DA:1005,0
DA:1006,0
DA:1008,0
DA:1016,0
DA:1017,0
DA:1020,0
DA:1021,0
DA:1023,0
DA:1026,0
DA:1027,0
DA:1034,0
DA:1035,0
DA:1036,0
DA:1039,0
DA:1042,0
DA:1043,0
DA:1044,0
DA:1045,0
DA:1046,0
DA:1047,0
DA:1048,0
DA:1049,0
DA:1051,0
DA:1056,0
DA:1059,0
DA:1060,0
DA:1061,0
DA:1069,0
DA:1071,0
DA:1072,0
DA:1075,0
DA:1076,0
DA:1079,0
DA:1081,0
DA:1090,0
DA:1098,0
DA:1105,0
DA:1106,0
DA:1107,0
DA:1111,0
DA:1112,0
DA:1115,0
DA:1116,0
DA:1117,0
DA:1121,0
DA:1122,0
DA:1124,0
DA:1131,0
DA:1132,0
DA:1133,0
DA:1136,0
DA:1139,0
DA:1142,0
DA:1150,0
DA:1151,0
DA:1154,0
DA:1155,0
DA:1156,0
DA:1160,0
DA:1164,0
DA:1165,0
DA:1169,0
DA:1170,0
DA:1171,0
DA:1174,0
DA:1181,0
DA:1182,0
DA:1190,0
DA:1193,0
DA:1196,0
DA:1197,0
DA:1200,0
DA:1209,0
DA:1210,0
DA:1212,0
DA:1213,0
DA:1214,0
DA:1216,0
DA:1230,0
DA:1231,0
DA:1232,0
DA:1235,0
DA:1236,0
DA:1237,0
DA:1238,0
DA:1239,0
DA:1240,0
DA:1243,0
DA:1250,0
DA:1251,0
DA:1254,0
DA:1257,0
DA:1260,0
DA:1263,0
DA:1264,0
DA:1273,0
DA:1274,0
DA:1275,0
DA:1276,0
DA:1277,0
DA:1280,0
DA:1281,0
DA:1282,0
DA:1285,0
DA:1286,0
DA:1287,0
DA:1288,0
DA:1289,0
DA:1290,0
DA:1291,0
DA:1292,0
DA:1295,0
DA:1296,0
DA:1299,0
DA:1300,0
DA:1303,0
DA:1304,0
DA:1308,0
DA:1309,0
DA:1310,0
DA:1311,0
DA:1312,0
DA:1316,0
DA:1326,0
DA:1327,0
LF:546
LH:0
BRDA:38,0,0,0
BRDA:38,0,1,0
BRDA:39,1,0,0
BRDA:62,2,0,0
BRDA:76,3,0,0
BRDA:95,4,0,0
BRDA:104,5,0,0
BRDA:104,5,1,0
BRDA:105,6,0,0
BRDA:105,6,1,0
BRDA:112,7,0,0
BRDA:135,8,0,0
BRDA:156,9,0,0
BRDA:156,10,0,0
BRDA:156,10,1,0
BRDA:167,11,0,0
BRDA:167,11,1,0
BRDA:190,12,0,0
BRDA:195,13,0,0
BRDA:195,13,1,0
BRDA:208,14,0,0
BRDA:208,14,1,0
BRDA:221,15,0,0
BRDA:221,15,1,0
BRDA:247,16,0,0
BRDA:274,17,0,0
BRDA:284,18,0,0
BRDA:284,18,1,0
BRDA:303,19,0,0
BRDA:306,20,0,0
BRDA:315,21,0,0
BRDA:315,21,1,0
BRDA:319,22,0,0
BRDA:319,22,1,0
BRDA:343,23,0,0
BRDA:343,23,1,0
BRDA:352,24,0,0
BRDA:371,25,0,0
BRDA:383,26,0,0
BRDA:383,26,1,0
BRDA:393,27,0,0
BRDA:423,28,0,0
BRDA:435,29,0,0
BRDA:455,30,0,0
BRDA:459,31,0,0
BRDA:459,31,1,0
BRDA:459,31,2,0
BRDA:459,31,3,0
BRDA:459,31,4,0
BRDA:479,32,0,0
BRDA:481,33,0,0
BRDA:481,33,1,0
BRDA:506,34,0,0
BRDA:523,35,0,0
BRDA:526,36,0,0
BRDA:526,36,1,0
BRDA:526,36,2,0
BRDA:526,36,3,0
BRDA:526,36,4,0
BRDA:526,36,5,0
BRDA:526,36,6,0
BRDA:526,36,7,0
BRDA:526,36,8,0
BRDA:542,37,0,0
BRDA:545,38,0,0
BRDA:548,39,0,0
BRDA:567,40,0,0
BRDA:570,41,0,0
BRDA:573,42,0,0
BRDA:576,43,0,0
BRDA:579,44,0,0
BRDA:606,45,0,0
BRDA:610,46,0,0
BRDA:678,47,0,0
BRDA:684,48,0,0
BRDA:684,48,1,0
BRDA:684,49,0,0
BRDA:684,49,1,0
BRDA:685,50,0,0
BRDA:685,50,1,0
BRDA:688,51,0,0
BRDA:688,51,1,0
BRDA:691,52,0,0
BRDA:697,53,0,0
BRDA:697,54,0,0
BRDA:697,54,1,0
BRDA:698,55,0,0
BRDA:698,55,1,0
BRDA:701,56,0,0
BRDA:717,57,0,0
BRDA:718,58,0,0
BRDA:718,58,1,0
BRDA:722,59,0,0
BRDA:729,60,0,0
BRDA:736,61,0,0
BRDA:743,62,0,0
BRDA:750,63,0,0
BRDA:756,64,0,0
BRDA:789,65,0,0
BRDA:789,65,1,0
BRDA:808,66,0,0
BRDA:811,67,0,0
BRDA:830,68,0,0
BRDA:838,69,0,0
BRDA:844,70,0,0
BRDA:851,71,0,0
BRDA:858,72,0,0
BRDA:888,73,0,0
BRDA:892,74,0,0
BRDA:900,75,0,0
BRDA:906,76,0,0
BRDA:912,77,0,0
BRDA:912,77,1,0
BRDA:935,78,0,0
BRDA:939,79,0,0
BRDA:945,80,0,0
BRDA:978,81,0,0
BRDA:978,82,0,0
BRDA:978,82,1,0
BRDA:1017,83,0,0
BRDA:1017,84,0,0
BRDA:1017,84,1,0
BRDA:1034,85,0,0
BRDA:1034,86,0,0
BRDA:1034,86,1,0
BRDA:1044,87,0,0
BRDA:1069,88,0,0
BRDA:1069,88,1,0
BRDA:1075,89,0,0
BRDA:1105,90,0,0
BRDA:1116,91,0,0
BRDA:1131,92,0,0
BRDA:1151,93,0,0
BRDA:1154,94,0,0
BRDA:1196,95,0,0
BRDA:1210,96,0,0
BRDA:1226,97,0,0
BRDA:1226,98,0,0
BRDA:1231,99,0,0
BRDA:1231,100,0,0
BRDA:1231,100,1,0
BRDA:1231,100,2,0
BRDA:1311,101,0,0
BRDA:1311,101,1,0
BRF:144
BRH:0
end_of_record
TN:
SF:src\test-app\AudioEditorTestApp.tsx
FN:5,(anonymous_0)
FN:23,(anonymous_1)
FN:48,(anonymous_2)
FN:53,(anonymous_3)
FN:58,(anonymous_4)
FN:64,(anonymous_5)
FN:70,(anonymous_6)
FN:91,(anonymous_7)
FN:138,(anonymous_8)
FN:141,(anonymous_9)
FN:144,(anonymous_10)
FN:161,(anonymous_11)
FN:166,(anonymous_12)
FN:176,(anonymous_13)
FN:195,(anonymous_14)
FN:208,(anonymous_15)
FNF:16
FNH:0
FNDA:0,(anonymous_0)
FNDA:0,(anonymous_1)
FNDA:0,(anonymous_2)
FNDA:0,(anonymous_3)
FNDA:0,(anonymous_4)
FNDA:0,(anonymous_5)
FNDA:0,(anonymous_6)
FNDA:0,(anonymous_7)
FNDA:0,(anonymous_8)
FNDA:0,(anonymous_9)
FNDA:0,(anonymous_10)
FNDA:0,(anonymous_11)
FNDA:0,(anonymous_12)
FNDA:0,(anonymous_13)
FNDA:0,(anonymous_14)
FNDA:0,(anonymous_15)
DA:1,0
DA:2,0
DA:3,0
DA:5,0
DA:16,0
DA:18,0
DA:19,0
DA:20,0
DA:23,0
DA:24,0
DA:25,0
DA:27,0
DA:28,0
DA:29,0
DA:31,0
DA:33,0
DA:36,0
DA:37,0
DA:38,0
DA:40,0
DA:41,0
DA:43,0
DA:48,0
DA:49,0
DA:53,0
DA:54,0
DA:58,0
DA:59,0
DA:64,0
DA:65,0
DA:66,0
DA:70,0
DA:71,0
DA:72,0
DA:75,0
DA:91,0
DA:138,0
DA:141,0
DA:144,0
DA:162,0
DA:166,0
DA:177,0
DA:195,0
DA:208,0
LF:44
LH:0
BRDA:25,0,0,0
BRDA:25,1,0,0
BRDA:25,1,1,0
BRDA:41,2,0,0
BRDA:41,2,1,0
BRDA:99,3,0,0
BRDA:99,3,1,0
BRDA:100,4,0,0
BRDA:100,4,1,0
BRDA:116,5,0,0
BRDA:116,5,1,0
BRDA:155,6,0,0
BRDA:155,6,1,0
BRDA:162,7,0,0
BRDA:162,7,1,0
BRDA:176,8,0,0
BRDA:176,8,1,0
BRDA:226,9,0,0
BRDA:226,9,1,0
BRDA:227,10,0,0
BRDA:227,10,1,0
BRF:21
BRH:0
end_of_record
TN:
SF:src\test-app\index.tsx
FNF:0
FNH:0
DA:1,0
DA:2,0
DA:3,0
DA:4,0
DA:5,0
DA:7,0
DA:11,0
LF:7
LH:0
BRF:0
BRH:0
end_of_record
TN:
SF:src\types\index.ts
FN:40,(anonymous_0)
FNF:1
FNH:0
FNDA:0,(anonymous_0)
DA:40,0
DA:41,0
DA:42,0
DA:43,0
DA:44,0
DA:45,0
DA:46,0
DA:47,0
DA:48,0
DA:49,0
DA:50,0
LF:11
LH:0
BRDA:40,0,0,0
BRDA:40,0,1,0
BRF:2
BRH:0
end_of_record
